mode: set
gitee.com/com_818cloud/shode/pkg/stdlib/archive.go:13.46,15.16 2 0
gitee.com/com_818cloud/shode/pkg/stdlib/archive.go:15.16,17.3 1 0
gitee.com/com_818cloud/shode/pkg/stdlib/archive.go:18.2,23.81 4 0
gitee.com/com_818cloud/shode/pkg/stdlib/archive.go:23.81,24.17 1 0
gitee.com/com_818cloud/shode/pkg/stdlib/archive.go:24.17,26.4 1 0
gitee.com/com_818cloud/shode/pkg/stdlib/archive.go:28.3,29.17 2 0
gitee.com/com_818cloud/shode/pkg/stdlib/archive.go:29.17,31.4 1 0
gitee.com/com_818cloud/shode/pkg/stdlib/archive.go:33.3,35.48 2 0
gitee.com/com_818cloud/shode/pkg/stdlib/archive.go:35.48,37.4 1 0
gitee.com/com_818cloud/shode/pkg/stdlib/archive.go:39.3,39.20 1 0
gitee.com/com_818cloud/shode/pkg/stdlib/archive.go:39.20,41.18 2 0
gitee.com/com_818cloud/shode/pkg/stdlib/archive.go:41.18,43.5 1 0
gitee.com/com_818cloud/shode/pkg/stdlib/archive.go:44.4,47.18 3 0
gitee.com/com_818cloud/shode/pkg/stdlib/archive.go:47.18,49.5 1 0
gitee.com/com_818cloud/shode/pkg/stdlib/archive.go:52.3,52.13 1 0
gitee.com/com_818cloud/shode/pkg/stdlib/archive.go:57.48,59.16 2 0
gitee.com/com_818cloud/shode/pkg/stdlib/archive.go:59.16,61.3 1 0
gitee.com/com_818cloud/shode/pkg/stdlib/archive.go:62.2,66.6 3 0
gitee.com/com_818cloud/shode/pkg/stdlib/archive.go:66.6,68.20 2 0
gitee.com/com_818cloud/shode/pkg/stdlib/archive.go:68.20,69.9 1 0
gitee.com/com_818cloud/shode/pkg/stdlib/archive.go:71.3,71.17 1 0
gitee.com/com_818cloud/shode/pkg/stdlib/archive.go:71.17,73.4 1 0
gitee.com/com_818cloud/shode/pkg/stdlib/archive.go:75.3,77.26 2 0
gitee.com/com_818cloud/shode/pkg/stdlib/archive.go:78.20,79.52 1 0
gitee.com/com_818cloud/shode/pkg/stdlib/archive.go:79.52,81.5 1 0
gitee.com/com_818cloud/shode/pkg/stdlib/archive.go:83.20,84.66 1 0
gitee.com/com_818cloud/shode/pkg/stdlib/archive.go:84.66,86.5 1 0
gitee.com/com_818cloud/shode/pkg/stdlib/archive.go:88.4,89.18 2 0
gitee.com/com_818cloud/shode/pkg/stdlib/archive.go:89.18,91.5 1 0
gitee.com/com_818cloud/shode/pkg/stdlib/archive.go:92.4,95.18 3 0
gitee.com/com_818cloud/shode/pkg/stdlib/archive.go:95.18,97.5 1 0
gitee.com/com_818cloud/shode/pkg/stdlib/archive.go:99.11,100.72 1 0
gitee.com/com_818cloud/shode/pkg/stdlib/archive.go:104.2,104.12 1 0
gitee.com/com_818cloud/shode/pkg/stdlib/archive.go:108.47,110.16 2 0
gitee.com/com_818cloud/shode/pkg/stdlib/archive.go:110.16,112.3 1 0
gitee.com/com_818cloud/shode/pkg/stdlib/archive.go:113.2,116.16 3 0
gitee.com/com_818cloud/shode/pkg/stdlib/archive.go:116.16,118.3 1 0
gitee.com/com_818cloud/shode/pkg/stdlib/archive.go:119.2,125.12 5 0
gitee.com/com_818cloud/shode/pkg/stdlib/archive.go:129.49,131.16 2 0
gitee.com/com_818cloud/shode/pkg/stdlib/archive.go:131.16,133.3 1 0
gitee.com/com_818cloud/shode/pkg/stdlib/archive.go:134.2,137.16 3 0
gitee.com/com_818cloud/shode/pkg/stdlib/archive.go:137.16,139.3 1 0
gitee.com/com_818cloud/shode/pkg/stdlib/archive.go:140.2,143.16 3 0
gitee.com/com_818cloud/shode/pkg/stdlib/archive.go:143.16,145.3 1 0
gitee.com/com_818cloud/shode/pkg/stdlib/archive.go:146.2,149.12 3 0
gitee.com/com_818cloud/shode/pkg/stdlib/archive.go:153.50,155.16 2 0
gitee.com/com_818cloud/shode/pkg/stdlib/archive.go:155.16,157.3 1 0
gitee.com/com_818cloud/shode/pkg/stdlib/archive.go:158.2,166.81 6 0
gitee.com/com_818cloud/shode/pkg/stdlib/archive.go:166.81,167.17 1 0
gitee.com/com_818cloud/shode/pkg/stdlib/archive.go:167.17,169.4 1 0
gitee.com/com_818cloud/shode/pkg/stdlib/archive.go:171.3,172.17 2 0
gitee.com/com_818cloud/shode/pkg/stdlib/archive.go:172.17,174.4 1 0
gitee.com/com_818cloud/shode/pkg/stdlib/archive.go:176.3,178.48 2 0
gitee.com/com_818cloud/shode/pkg/stdlib/archive.go:178.48,180.4 1 0
gitee.com/com_818cloud/shode/pkg/stdlib/archive.go:182.3,182.20 1 0
gitee.com/com_818cloud/shode/pkg/stdlib/archive.go:182.20,184.18 2 0
gitee.com/com_818cloud/shode/pkg/stdlib/archive.go:184.18,186.5 1 0
gitee.com/com_818cloud/shode/pkg/stdlib/archive.go:187.4,190.18 3 0
gitee.com/com_818cloud/shode/pkg/stdlib/archive.go:190.18,192.5 1 0
gitee.com/com_818cloud/shode/pkg/stdlib/archive.go:195.3,195.13 1 0
gitee.com/com_818cloud/shode/pkg/stdlib/archive.go:200.52,202.16 2 0
gitee.com/com_818cloud/shode/pkg/stdlib/archive.go:202.16,204.3 1 0
gitee.com/com_818cloud/shode/pkg/stdlib/archive.go:205.2,208.16 3 0
gitee.com/com_818cloud/shode/pkg/stdlib/archive.go:208.16,210.3 1 0
gitee.com/com_818cloud/shode/pkg/stdlib/archive.go:212.2,214.6 2 0
gitee.com/com_818cloud/shode/pkg/stdlib/archive.go:214.6,216.20 2 0
gitee.com/com_818cloud/shode/pkg/stdlib/archive.go:216.20,217.9 1 0
gitee.com/com_818cloud/shode/pkg/stdlib/archive.go:219.3,219.17 1 0
gitee.com/com_818cloud/shode/pkg/stdlib/archive.go:219.17,221.4 1 0
gitee.com/com_818cloud/shode/pkg/stdlib/archive.go:223.3,225.26 2 0
gitee.com/com_818cloud/shode/pkg/stdlib/archive.go:226.20,227.52 1 0
gitee.com/com_818cloud/shode/pkg/stdlib/archive.go:227.52,229.5 1 0
gitee.com/com_818cloud/shode/pkg/stdlib/archive.go:231.20,232.66 1 0
gitee.com/com_818cloud/shode/pkg/stdlib/archive.go:232.66,234.5 1 0
gitee.com/com_818cloud/shode/pkg/stdlib/archive.go:236.4,237.18 2 0
gitee.com/com_818cloud/shode/pkg/stdlib/archive.go:237.18,239.5 1 0
gitee.com/com_818cloud/shode/pkg/stdlib/archive.go:240.4,243.18 3 0
gitee.com/com_818cloud/shode/pkg/stdlib/archive.go:243.18,245.5 1 0
gitee.com/com_818cloud/shode/pkg/stdlib/archive.go:247.11,248.72 1 0
gitee.com/com_818cloud/shode/pkg/stdlib/archive.go:252.2,252.12 1 0
gitee.com/com_818cloud/shode/pkg/stdlib/commands.go:22.57,24.16 2 0
gitee.com/com_818cloud/shode/pkg/stdlib/commands.go:24.16,26.3 1 0
gitee.com/com_818cloud/shode/pkg/stdlib/commands.go:27.2,30.50 3 0
gitee.com/com_818cloud/shode/pkg/stdlib/commands.go:30.50,32.3 1 0
gitee.com/com_818cloud/shode/pkg/stdlib/commands.go:34.2,35.16 2 0
gitee.com/com_818cloud/shode/pkg/stdlib/commands.go:35.16,37.3 1 0
gitee.com/com_818cloud/shode/pkg/stdlib/commands.go:38.2,41.16 3 0
gitee.com/com_818cloud/shode/pkg/stdlib/commands.go:41.16,43.3 1 0
gitee.com/com_818cloud/shode/pkg/stdlib/commands.go:45.2,46.16 2 0
gitee.com/com_818cloud/shode/pkg/stdlib/commands.go:46.16,48.3 1 0
gitee.com/com_818cloud/shode/pkg/stdlib/commands.go:50.2,51.16 2 0
gitee.com/com_818cloud/shode/pkg/stdlib/commands.go:51.16,53.3 1 0
gitee.com/com_818cloud/shode/pkg/stdlib/commands.go:55.2,55.12 1 0
gitee.com/com_818cloud/shode/pkg/stdlib/commands.go:59.66,60.81 1 0
gitee.com/com_818cloud/shode/pkg/stdlib/commands.go:60.81,61.17 1 0
gitee.com/com_818cloud/shode/pkg/stdlib/commands.go:61.17,63.4 1 0
gitee.com/com_818cloud/shode/pkg/stdlib/commands.go:65.3,66.17 2 0
gitee.com/com_818cloud/shode/pkg/stdlib/commands.go:66.17,68.4 1 0
gitee.com/com_818cloud/shode/pkg/stdlib/commands.go:70.3,72.19 2 0
gitee.com/com_818cloud/shode/pkg/stdlib/commands.go:72.19,74.4 1 0
gitee.com/com_818cloud/shode/pkg/stdlib/commands.go:76.3,76.36 1 0
gitee.com/com_818cloud/shode/pkg/stdlib/commands.go:81.57,83.50 2 0
gitee.com/com_818cloud/shode/pkg/stdlib/commands.go:83.50,85.3 1 0
gitee.com/com_818cloud/shode/pkg/stdlib/commands.go:87.2,87.28 1 0
gitee.com/com_818cloud/shode/pkg/stdlib/commands.go:91.55,93.2 1 0
gitee.com/com_818cloud/shode/pkg/stdlib/commands.go:96.64,98.2 1 0
gitee.com/com_818cloud/shode/pkg/stdlib/commands.go:101.54,103.2 1 0
gitee.com/com_818cloud/shode/pkg/stdlib/commands.go:106.70,108.16 2 0
gitee.com/com_818cloud/shode/pkg/stdlib/commands.go:108.16,110.3 1 0
gitee.com/com_818cloud/shode/pkg/stdlib/commands.go:111.2,111.45 1 0
gitee.com/com_818cloud/shode/pkg/stdlib/commands.go:115.70,117.16 2 0
gitee.com/com_818cloud/shode/pkg/stdlib/commands.go:117.16,119.3 1 0
gitee.com/com_818cloud/shode/pkg/stdlib/commands.go:120.2,125.34 5 0
gitee.com/com_818cloud/shode/pkg/stdlib/commands.go:125.34,128.3 2 0
gitee.com/com_818cloud/shode/pkg/stdlib/commands.go:130.2,130.38 1 0
gitee.com/com_818cloud/shode/pkg/stdlib/commands.go:130.38,132.3 1 0
gitee.com/com_818cloud/shode/pkg/stdlib/commands.go:134.2,134.39 1 0
gitee.com/com_818cloud/shode/pkg/stdlib/commands.go:138.70,140.16 2 0
gitee.com/com_818cloud/shode/pkg/stdlib/commands.go:140.16,142.3 1 0
gitee.com/com_818cloud/shode/pkg/stdlib/commands.go:143.2,147.21 4 0
gitee.com/com_818cloud/shode/pkg/stdlib/commands.go:147.21,149.3 1 0
gitee.com/com_818cloud/shode/pkg/stdlib/commands.go:151.2,151.38 1 0
gitee.com/com_818cloud/shode/pkg/stdlib/commands.go:151.38,153.3 1 0
gitee.com/com_818cloud/shode/pkg/stdlib/commands.go:155.2,156.20 2 0
gitee.com/com_818cloud/shode/pkg/stdlib/commands.go:156.20,158.3 1 0
gitee.com/com_818cloud/shode/pkg/stdlib/commands.go:160.2,160.47 1 0
gitee.com/com_818cloud/shode/pkg/stdlib/commands.go:164.74,167.81 2 0
gitee.com/com_818cloud/shode/pkg/stdlib/commands.go:167.81,168.17 1 0
gitee.com/com_818cloud/shode/pkg/stdlib/commands.go:168.17,170.4 1 0
gitee.com/com_818cloud/shode/pkg/stdlib/commands.go:172.3,172.19 1 0
gitee.com/com_818cloud/shode/pkg/stdlib/commands.go:172.19,174.4 1 0
gitee.com/com_818cloud/shode/pkg/stdlib/commands.go:176.3,177.17 2 0
gitee.com/com_818cloud/shode/pkg/stdlib/commands.go:177.17,179.4 1 0
gitee.com/com_818cloud/shode/pkg/stdlib/commands.go:181.3,181.14 1 0
gitee.com/com_818cloud/shode/pkg/stdlib/commands.go:181.14,183.4 1 0
gitee.com/com_818cloud/shode/pkg/stdlib/commands.go:185.3,185.13 1 0
gitee.com/com_818cloud/shode/pkg/stdlib/commands.go:188.2,188.16 1 0
gitee.com/com_818cloud/shode/pkg/stdlib/commands.go:188.16,190.3 1 0
gitee.com/com_818cloud/shode/pkg/stdlib/commands.go:192.2,192.21 1 0
gitee.com/com_818cloud/shode/pkg/stdlib/commands.go:196.69,198.16 2 0
gitee.com/com_818cloud/shode/pkg/stdlib/commands.go:198.16,200.3 1 0
gitee.com/com_818cloud/shode/pkg/stdlib/commands.go:201.2,201.42 1 0
gitee.com/com_818cloud/shode/pkg/stdlib/commands.go:205.78,207.16 2 0
gitee.com/com_818cloud/shode/pkg/stdlib/commands.go:207.16,209.3 1 0
gitee.com/com_818cloud/shode/pkg/stdlib/commands.go:211.2,211.79 1 0
gitee.com/com_818cloud/shode/pkg/stdlib/commands.go:211.79,212.17 1 0
gitee.com/com_818cloud/shode/pkg/stdlib/commands.go:212.17,214.4 1 0
gitee.com/com_818cloud/shode/pkg/stdlib/commands.go:215.3,215.40 1 0
gitee.com/com_818cloud/shode/pkg/stdlib/commands.go:220.72,222.16 2 0
gitee.com/com_818cloud/shode/pkg/stdlib/commands.go:222.16,224.3 1 0
gitee.com/com_818cloud/shode/pkg/stdlib/commands.go:225.2,231.21 5 0
gitee.com/com_818cloud/shode/pkg/stdlib/commands.go:231.21,234.3 2 0
gitee.com/com_818cloud/shode/pkg/stdlib/commands.go:236.2,241.44 2 0
gitee.com/com_818cloud/shode/pkg/stdlib/commands.go:241.44,243.3 1 0
gitee.com/com_818cloud/shode/pkg/stdlib/commands.go:245.2,245.20 1 0
gitee.com/com_818cloud/shode/pkg/stdlib/commands.go:249.72,252.16 3 0
gitee.com/com_818cloud/shode/pkg/stdlib/commands.go:252.16,254.3 1 0
gitee.com/com_818cloud/shode/pkg/stdlib/commands.go:255.2,255.28 1 0
gitee.com/com_818cloud/shode/pkg/stdlib/commands.go:259.58,264.29 4 0
gitee.com/com_818cloud/shode/pkg/stdlib/commands.go:264.29,265.18 1 0
gitee.com/com_818cloud/shode/pkg/stdlib/commands.go:265.18,268.4 2 0
gitee.com/com_818cloud/shode/pkg/stdlib/commands.go:271.2,271.35 1 0
gitee.com/com_818cloud/shode/pkg/stdlib/commands.go:275.56,278.29 3 0
gitee.com/com_818cloud/shode/pkg/stdlib/commands.go:278.29,279.36 1 0
gitee.com/com_818cloud/shode/pkg/stdlib/commands.go:279.36,281.4 1 0
gitee.com/com_818cloud/shode/pkg/stdlib/commands.go:283.2,283.37 1 0
gitee.com/com_818cloud/shode/pkg/stdlib/commands.go:289.89,291.18 2 0
gitee.com/com_818cloud/shode/pkg/stdlib/commands.go:291.18,293.3 1 0
gitee.com/com_818cloud/shode/pkg/stdlib/commands.go:295.2,296.16 2 0
gitee.com/com_818cloud/shode/pkg/stdlib/commands.go:296.16,298.3 1 0
gitee.com/com_818cloud/shode/pkg/stdlib/commands.go:300.2,303.29 3 0
gitee.com/com_818cloud/shode/pkg/stdlib/commands.go:303.29,304.46 1 0
gitee.com/com_818cloud/shode/pkg/stdlib/commands.go:304.46,305.12 1 0
gitee.com/com_818cloud/shode/pkg/stdlib/commands.go:308.3,309.23 2 0
gitee.com/com_818cloud/shode/pkg/stdlib/commands.go:309.23,310.12 1 0
gitee.com/com_818cloud/shode/pkg/stdlib/commands.go:313.3,314.17 2 0
gitee.com/com_818cloud/shode/pkg/stdlib/commands.go:314.17,315.12 1 0
gitee.com/com_818cloud/shode/pkg/stdlib/commands.go:318.3,329.41 4 0
gitee.com/com_818cloud/shode/pkg/stdlib/commands.go:332.2,332.23 1 0
gitee.com/com_818cloud/shode/pkg/stdlib/commands.go:336.68,338.18 2 0
gitee.com/com_818cloud/shode/pkg/stdlib/commands.go:338.18,340.3 1 0
gitee.com/com_818cloud/shode/pkg/stdlib/commands.go:342.2,344.16 3 0
gitee.com/com_818cloud/shode/pkg/stdlib/commands.go:344.16,346.3 1 0
gitee.com/com_818cloud/shode/pkg/stdlib/commands.go:348.2,348.12 1 0
gitee.com/com_818cloud/shode/pkg/stdlib/commands.go:352.78,354.18 2 0
gitee.com/com_818cloud/shode/pkg/stdlib/commands.go:354.18,356.3 1 0
gitee.com/com_818cloud/shode/pkg/stdlib/commands.go:358.2,360.16 3 0
gitee.com/com_818cloud/shode/pkg/stdlib/commands.go:360.16,362.3 1 0
gitee.com/com_818cloud/shode/pkg/stdlib/commands.go:364.2,364.12 1 0
gitee.com/com_818cloud/shode/pkg/stdlib/commands.go:368.76,371.16 3 0
gitee.com/com_818cloud/shode/pkg/stdlib/commands.go:371.16,373.3 1 0
gitee.com/com_818cloud/shode/pkg/stdlib/commands.go:375.2,376.20 2 0
gitee.com/com_818cloud/shode/pkg/stdlib/commands.go:376.20,378.3 1 0
gitee.com/com_818cloud/shode/pkg/stdlib/commands.go:380.2,381.21 2 0
gitee.com/com_818cloud/shode/pkg/stdlib/commands.go:381.21,383.3 1 0
gitee.com/com_818cloud/shode/pkg/stdlib/commands.go:385.2,392.8 1 0
gitee.com/com_818cloud/shode/pkg/stdlib/commands.go:396.63,399.16 3 0
gitee.com/com_818cloud/shode/pkg/stdlib/commands.go:399.16,401.3 1 0
gitee.com/com_818cloud/shode/pkg/stdlib/commands.go:403.2,404.22 2 0
gitee.com/com_818cloud/shode/pkg/stdlib/commands.go:404.22,406.3 1 0
gitee.com/com_818cloud/shode/pkg/stdlib/commands.go:408.2,408.47 1 0
gitee.com/com_818cloud/shode/pkg/stdlib/commands.go:412.58,415.16 3 0
gitee.com/com_818cloud/shode/pkg/stdlib/commands.go:415.16,417.3 1 0
gitee.com/com_818cloud/shode/pkg/stdlib/commands.go:419.2,419.12 1 0
gitee.com/com_818cloud/shode/pkg/stdlib/commands.go:423.57,426.16 3 0
gitee.com/com_818cloud/shode/pkg/stdlib/commands.go:426.16,428.3 1 0
gitee.com/com_818cloud/shode/pkg/stdlib/commands.go:430.2,430.12 1 0
gitee.com/com_818cloud/shode/pkg/stdlib/commands.go:434.60,437.16 3 0
gitee.com/com_818cloud/shode/pkg/stdlib/commands.go:437.16,439.3 1 0
gitee.com/com_818cloud/shode/pkg/stdlib/commands.go:441.2,441.12 1 0
gitee.com/com_818cloud/shode/pkg/stdlib/commands.go:445.69,448.16 3 0
gitee.com/com_818cloud/shode/pkg/stdlib/commands.go:448.16,450.3 1 0
gitee.com/com_818cloud/shode/pkg/stdlib/commands.go:452.2,452.47 1 0
gitee.com/com_818cloud/shode/pkg/stdlib/commands.go:456.68,459.16 3 0
gitee.com/com_818cloud/shode/pkg/stdlib/commands.go:459.16,461.3 1 0
gitee.com/com_818cloud/shode/pkg/stdlib/commands.go:463.2,464.33 2 0
gitee.com/com_818cloud/shode/pkg/stdlib/commands.go:468.58,471.16 3 0
gitee.com/com_818cloud/shode/pkg/stdlib/commands.go:471.16,473.3 1 0
gitee.com/com_818cloud/shode/pkg/stdlib/commands.go:475.2,475.47 1 0
gitee.com/com_818cloud/shode/pkg/stdlib/commands.go:479.56,482.16 3 0
gitee.com/com_818cloud/shode/pkg/stdlib/commands.go:482.16,484.3 1 0
gitee.com/com_818cloud/shode/pkg/stdlib/commands.go:486.2,486.47 1 0
gitee.com/com_818cloud/shode/pkg/stdlib/commands.go:490.59,493.16 3 0
gitee.com/com_818cloud/shode/pkg/stdlib/commands.go:493.16,495.3 1 0
gitee.com/com_818cloud/shode/pkg/stdlib/commands.go:497.2,497.47 1 0
gitee.com/com_818cloud/shode/pkg/stdlib/commands.go:501.54,504.16 3 0
gitee.com/com_818cloud/shode/pkg/stdlib/commands.go:504.16,506.3 1 0
gitee.com/com_818cloud/shode/pkg/stdlib/commands.go:508.2,508.47 1 0
gitee.com/com_818cloud/shode/pkg/stdlib/commands.go:512.70,515.16 3 0
gitee.com/com_818cloud/shode/pkg/stdlib/commands.go:515.16,517.3 1 0
gitee.com/com_818cloud/shode/pkg/stdlib/commands.go:519.2,520.20 2 0
gitee.com/com_818cloud/shode/pkg/stdlib/commands.go:520.20,522.3 1 0
gitee.com/com_818cloud/shode/pkg/stdlib/commands.go:524.2,525.22 2 0
gitee.com/com_818cloud/shode/pkg/stdlib/commands.go:525.22,531.3 1 0
gitee.com/com_818cloud/shode/pkg/stdlib/commands.go:533.2,533.50 1 0
gitee.com/com_818cloud/shode/pkg/stdlib/commands.go:539.120,543.16 3 0
gitee.com/com_818cloud/shode/pkg/stdlib/commands.go:543.16,545.3 1 0
gitee.com/com_818cloud/shode/pkg/stdlib/commands.go:547.2,548.16 2 0
gitee.com/com_818cloud/shode/pkg/stdlib/commands.go:548.16,550.3 1 0
gitee.com/com_818cloud/shode/pkg/stdlib/commands.go:552.2,552.34 1 0
gitee.com/com_818cloud/shode/pkg/stdlib/commands.go:552.34,554.3 1 0
gitee.com/com_818cloud/shode/pkg/stdlib/commands.go:556.2,557.16 2 0
gitee.com/com_818cloud/shode/pkg/stdlib/commands.go:557.16,559.3 1 0
gitee.com/com_818cloud/shode/pkg/stdlib/commands.go:560.2,563.16 3 0
gitee.com/com_818cloud/shode/pkg/stdlib/commands.go:563.16,565.3 1 0
gitee.com/com_818cloud/shode/pkg/stdlib/commands.go:567.2,567.51 1 0
gitee.com/com_818cloud/shode/pkg/stdlib/commands.go:571.88,574.16 3 0
gitee.com/com_818cloud/shode/pkg/stdlib/commands.go:574.16,576.3 1 0
gitee.com/com_818cloud/shode/pkg/stdlib/commands.go:578.2,584.29 3 0
gitee.com/com_818cloud/shode/pkg/stdlib/commands.go:584.29,585.52 1 0
gitee.com/com_818cloud/shode/pkg/stdlib/commands.go:585.52,587.24 2 0
gitee.com/com_818cloud/shode/pkg/stdlib/commands.go:587.24,590.5 2 0
gitee.com/com_818cloud/shode/pkg/stdlib/commands.go:593.3,593.44 1 0
gitee.com/com_818cloud/shode/pkg/stdlib/commands.go:593.44,595.24 2 0
gitee.com/com_818cloud/shode/pkg/stdlib/commands.go:595.24,598.5 2 0
gitee.com/com_818cloud/shode/pkg/stdlib/commands.go:601.3,601.36 1 0
gitee.com/com_818cloud/shode/pkg/stdlib/commands.go:601.36,603.24 2 0
gitee.com/com_818cloud/shode/pkg/stdlib/commands.go:603.24,606.5 2 0
gitee.com/com_818cloud/shode/pkg/stdlib/commands.go:610.2,610.20 1 0
gitee.com/com_818cloud/shode/pkg/stdlib/commands.go:614.77,617.16 3 0
gitee.com/com_818cloud/shode/pkg/stdlib/commands.go:617.16,619.3 1 0
gitee.com/com_818cloud/shode/pkg/stdlib/commands.go:621.2,621.28 1 0
gitee.com/com_818cloud/shode/pkg/stdlib/commands.go:625.65,627.17 2 0
gitee.com/com_818cloud/shode/pkg/stdlib/commands.go:627.17,629.3 1 0
gitee.com/com_818cloud/shode/pkg/stdlib/commands.go:631.2,632.16 2 0
gitee.com/com_818cloud/shode/pkg/stdlib/commands.go:632.16,635.17 3 0
gitee.com/com_818cloud/shode/pkg/stdlib/commands.go:635.17,637.4 1 0
gitee.com/com_818cloud/shode/pkg/stdlib/commands.go:640.2,640.28 1 0
gitee.com/com_818cloud/shode/pkg/stdlib/commands.go:644.56,647.16 3 0
gitee.com/com_818cloud/shode/pkg/stdlib/commands.go:647.16,649.3 1 0
gitee.com/com_818cloud/shode/pkg/stdlib/commands.go:651.2,652.18 2 0
gitee.com/com_818cloud/shode/pkg/stdlib/commands.go:652.18,654.3 1 0
gitee.com/com_818cloud/shode/pkg/stdlib/commands.go:656.2,656.46 1 0
gitee.com/com_818cloud/shode/pkg/stdlib/commands.go:662.54,664.16 2 0
gitee.com/com_818cloud/shode/pkg/stdlib/commands.go:664.16,666.3 1 0
gitee.com/com_818cloud/shode/pkg/stdlib/commands.go:667.2,672.81 4 0
gitee.com/com_818cloud/shode/pkg/stdlib/commands.go:672.81,673.17 1 0
gitee.com/com_818cloud/shode/pkg/stdlib/commands.go:673.17,675.4 1 0
gitee.com/com_818cloud/shode/pkg/stdlib/commands.go:677.3,678.17 2 0
gitee.com/com_818cloud/shode/pkg/stdlib/commands.go:678.17,680.4 1 0
gitee.com/com_818cloud/shode/pkg/stdlib/commands.go:682.3,684.48 2 0
gitee.com/com_818cloud/shode/pkg/stdlib/commands.go:684.48,686.4 1 0
gitee.com/com_818cloud/shode/pkg/stdlib/commands.go:688.3,688.20 1 0
gitee.com/com_818cloud/shode/pkg/stdlib/commands.go:688.20,690.18 2 0
gitee.com/com_818cloud/shode/pkg/stdlib/commands.go:690.18,692.5 1 0
gitee.com/com_818cloud/shode/pkg/stdlib/commands.go:693.4,696.18 3 0
gitee.com/com_818cloud/shode/pkg/stdlib/commands.go:696.18,698.5 1 0
gitee.com/com_818cloud/shode/pkg/stdlib/commands.go:701.3,701.13 1 0
gitee.com/com_818cloud/shode/pkg/stdlib/commands.go:706.56,708.16 2 0
gitee.com/com_818cloud/shode/pkg/stdlib/commands.go:708.16,710.3 1 0
gitee.com/com_818cloud/shode/pkg/stdlib/commands.go:711.2,715.6 3 0
gitee.com/com_818cloud/shode/pkg/stdlib/commands.go:715.6,717.20 2 0
gitee.com/com_818cloud/shode/pkg/stdlib/commands.go:717.20,718.9 1 0
gitee.com/com_818cloud/shode/pkg/stdlib/commands.go:720.3,720.17 1 0
gitee.com/com_818cloud/shode/pkg/stdlib/commands.go:720.17,722.4 1 0
gitee.com/com_818cloud/shode/pkg/stdlib/commands.go:724.3,726.26 2 0
gitee.com/com_818cloud/shode/pkg/stdlib/commands.go:727.20,728.52 1 0
gitee.com/com_818cloud/shode/pkg/stdlib/commands.go:728.52,730.5 1 0
gitee.com/com_818cloud/shode/pkg/stdlib/commands.go:732.20,733.66 1 0
gitee.com/com_818cloud/shode/pkg/stdlib/commands.go:733.66,735.5 1 0
gitee.com/com_818cloud/shode/pkg/stdlib/commands.go:737.4,738.18 2 0
gitee.com/com_818cloud/shode/pkg/stdlib/commands.go:738.18,740.5 1 0
gitee.com/com_818cloud/shode/pkg/stdlib/commands.go:741.4,744.18 3 0
gitee.com/com_818cloud/shode/pkg/stdlib/commands.go:744.18,746.5 1 0
gitee.com/com_818cloud/shode/pkg/stdlib/commands.go:748.11,749.72 1 0
gitee.com/com_818cloud/shode/pkg/stdlib/commands.go:753.2,753.12 1 0
gitee.com/com_818cloud/shode/pkg/stdlib/commands.go:757.55,759.16 2 0
gitee.com/com_818cloud/shode/pkg/stdlib/commands.go:759.16,761.3 1 0
gitee.com/com_818cloud/shode/pkg/stdlib/commands.go:762.2,765.16 3 0
gitee.com/com_818cloud/shode/pkg/stdlib/commands.go:765.16,767.3 1 0
gitee.com/com_818cloud/shode/pkg/stdlib/commands.go:768.2,774.12 5 0
gitee.com/com_818cloud/shode/pkg/stdlib/commands.go:778.57,780.16 2 0
gitee.com/com_818cloud/shode/pkg/stdlib/commands.go:780.16,782.3 1 0
gitee.com/com_818cloud/shode/pkg/stdlib/commands.go:783.2,786.16 3 0
gitee.com/com_818cloud/shode/pkg/stdlib/commands.go:786.16,788.3 1 0
gitee.com/com_818cloud/shode/pkg/stdlib/commands.go:789.2,792.16 3 0
gitee.com/com_818cloud/shode/pkg/stdlib/commands.go:792.16,794.3 1 0
gitee.com/com_818cloud/shode/pkg/stdlib/commands.go:795.2,798.12 3 0
gitee.com/com_818cloud/shode/pkg/stdlib/commands.go:802.58,804.16 2 0
gitee.com/com_818cloud/shode/pkg/stdlib/commands.go:804.16,806.3 1 0
gitee.com/com_818cloud/shode/pkg/stdlib/commands.go:807.2,815.81 6 0
gitee.com/com_818cloud/shode/pkg/stdlib/commands.go:815.81,816.17 1 0
gitee.com/com_818cloud/shode/pkg/stdlib/commands.go:816.17,818.4 1 0
gitee.com/com_818cloud/shode/pkg/stdlib/commands.go:820.3,821.17 2 0
gitee.com/com_818cloud/shode/pkg/stdlib/commands.go:821.17,823.4 1 0
gitee.com/com_818cloud/shode/pkg/stdlib/commands.go:825.3,827.48 2 0
gitee.com/com_818cloud/shode/pkg/stdlib/commands.go:827.48,829.4 1 0
gitee.com/com_818cloud/shode/pkg/stdlib/commands.go:831.3,831.20 1 0
gitee.com/com_818cloud/shode/pkg/stdlib/commands.go:831.20,833.18 2 0
gitee.com/com_818cloud/shode/pkg/stdlib/commands.go:833.18,835.5 1 0
gitee.com/com_818cloud/shode/pkg/stdlib/commands.go:836.4,839.18 3 0
gitee.com/com_818cloud/shode/pkg/stdlib/commands.go:839.18,841.5 1 0
gitee.com/com_818cloud/shode/pkg/stdlib/commands.go:844.3,844.13 1 0
gitee.com/com_818cloud/shode/pkg/stdlib/commands.go:849.60,851.16 2 0
gitee.com/com_818cloud/shode/pkg/stdlib/commands.go:851.16,853.3 1 0
gitee.com/com_818cloud/shode/pkg/stdlib/commands.go:854.2,857.16 3 0
gitee.com/com_818cloud/shode/pkg/stdlib/commands.go:857.16,859.3 1 0
gitee.com/com_818cloud/shode/pkg/stdlib/commands.go:861.2,863.6 2 0
gitee.com/com_818cloud/shode/pkg/stdlib/commands.go:863.6,865.20 2 0
gitee.com/com_818cloud/shode/pkg/stdlib/commands.go:865.20,866.9 1 0
gitee.com/com_818cloud/shode/pkg/stdlib/commands.go:868.3,868.17 1 0
gitee.com/com_818cloud/shode/pkg/stdlib/commands.go:868.17,870.4 1 0
gitee.com/com_818cloud/shode/pkg/stdlib/commands.go:872.3,874.26 2 0
gitee.com/com_818cloud/shode/pkg/stdlib/commands.go:875.20,876.52 1 0
gitee.com/com_818cloud/shode/pkg/stdlib/commands.go:876.52,878.5 1 0
gitee.com/com_818cloud/shode/pkg/stdlib/commands.go:880.20,881.66 1 0
gitee.com/com_818cloud/shode/pkg/stdlib/commands.go:881.66,883.5 1 0
gitee.com/com_818cloud/shode/pkg/stdlib/commands.go:885.4,886.18 2 0
gitee.com/com_818cloud/shode/pkg/stdlib/commands.go:886.18,888.5 1 0
gitee.com/com_818cloud/shode/pkg/stdlib/commands.go:889.4,892.18 3 0
gitee.com/com_818cloud/shode/pkg/stdlib/commands.go:892.18,894.5 1 0
gitee.com/com_818cloud/shode/pkg/stdlib/commands.go:896.11,897.72 1 0
gitee.com/com_818cloud/shode/pkg/stdlib/commands.go:901.2,901.12 1 0
gitee.com/com_818cloud/shode/pkg/stdlib/config.go:9.49,11.2 1 0
gitee.com/com_818cloud/shode/pkg/stdlib/config.go:15.61,17.2 1 0
gitee.com/com_818cloud/shode/pkg/stdlib/config.go:21.57,23.16 2 0
gitee.com/com_818cloud/shode/pkg/stdlib/config.go:23.16,25.3 1 0
gitee.com/com_818cloud/shode/pkg/stdlib/config.go:26.2,26.38 1 0
gitee.com/com_818cloud/shode/pkg/stdlib/config.go:31.68,33.2 1 0
gitee.com/com_818cloud/shode/pkg/stdlib/config.go:37.66,39.2 1 0
gitee.com/com_818cloud/shode/pkg/stdlib/config.go:43.69,45.2 1 0
gitee.com/com_818cloud/shode/pkg/stdlib/config.go:49.60,51.2 1 0
gitee.com/com_818cloud/shode/pkg/stdlib/executor.go:11.90,14.13 2 0
gitee.com/com_818cloud/shode/pkg/stdlib/executor.go:14.13,16.3 1 0
gitee.com/com_818cloud/shode/pkg/stdlib/executor.go:19.2,20.36 2 0
gitee.com/com_818cloud/shode/pkg/stdlib/executor.go:20.36,22.3 1 0
gitee.com/com_818cloud/shode/pkg/stdlib/executor.go:25.2,26.35 2 0
gitee.com/com_818cloud/shode/pkg/stdlib/executor.go:26.35,29.3 1 0
gitee.com/com_818cloud/shode/pkg/stdlib/executor.go:32.2,35.27 3 0
gitee.com/com_818cloud/shode/pkg/stdlib/executor.go:35.27,38.17 3 0
gitee.com/com_818cloud/shode/pkg/stdlib/executor.go:38.17,40.4 1 0
gitee.com/com_818cloud/shode/pkg/stdlib/executor.go:41.3,41.27 1 0
gitee.com/com_818cloud/shode/pkg/stdlib/executor.go:45.2,48.23 2 0
gitee.com/com_818cloud/shode/pkg/stdlib/executor.go:48.23,50.3 1 0
gitee.com/com_818cloud/shode/pkg/stdlib/executor.go:53.2,53.22 1 0
gitee.com/com_818cloud/shode/pkg/stdlib/executor.go:53.22,55.51 2 0
gitee.com/com_818cloud/shode/pkg/stdlib/executor.go:55.51,56.27 1 0
gitee.com/com_818cloud/shode/pkg/stdlib/executor.go:56.27,58.5 1 0
gitee.com/com_818cloud/shode/pkg/stdlib/executor.go:60.4,60.25 1 0
gitee.com/com_818cloud/shode/pkg/stdlib/executor.go:60.25,62.5 1 0
gitee.com/com_818cloud/shode/pkg/stdlib/executor.go:66.2,66.36 1 0
gitee.com/com_818cloud/shode/pkg/stdlib/executor.go:70.89,75.29 3 0
gitee.com/com_818cloud/shode/pkg/stdlib/executor.go:75.29,77.3 1 0
gitee.com/com_818cloud/shode/pkg/stdlib/executor.go:80.2,80.43 1 0
gitee.com/com_818cloud/shode/pkg/stdlib/executor.go:80.43,81.34 1 0
gitee.com/com_818cloud/shode/pkg/stdlib/executor.go:81.34,83.4 1 0
gitee.com/com_818cloud/shode/pkg/stdlib/executor.go:85.3,85.54 1 0
gitee.com/com_818cloud/shode/pkg/stdlib/executor.go:89.2,89.40 1 0
gitee.com/com_818cloud/shode/pkg/stdlib/executor.go:89.40,90.26 1 0
gitee.com/com_818cloud/shode/pkg/stdlib/executor.go:91.12,92.34 1 0
gitee.com/com_818cloud/shode/pkg/stdlib/executor.go:93.14,94.39 1 0
gitee.com/com_818cloud/shode/pkg/stdlib/executor.go:95.16,96.39 1 0
gitee.com/com_818cloud/shode/pkg/stdlib/executor.go:97.15,100.18 3 0
gitee.com/com_818cloud/shode/pkg/stdlib/executor.go:100.18,102.5 1 0
gitee.com/com_818cloud/shode/pkg/stdlib/executor.go:103.4,103.34 1 0
gitee.com/com_818cloud/shode/pkg/stdlib/executor.go:104.11,105.71 1 0
gitee.com/com_818cloud/shode/pkg/stdlib/executor.go:110.2,110.42 1 0
gitee.com/com_818cloud/shode/pkg/stdlib/executor.go:110.42,111.26 1 0
gitee.com/com_818cloud/shode/pkg/stdlib/executor.go:112.14,113.34 1 0
gitee.com/com_818cloud/shode/pkg/stdlib/executor.go:114.12,115.41 1 0
gitee.com/com_818cloud/shode/pkg/stdlib/executor.go:116.16,117.41 1 0
gitee.com/com_818cloud/shode/pkg/stdlib/executor.go:118.15,121.18 3 0
gitee.com/com_818cloud/shode/pkg/stdlib/executor.go:121.18,123.5 1 0
gitee.com/com_818cloud/shode/pkg/stdlib/executor.go:124.4,124.34 1 0
gitee.com/com_818cloud/shode/pkg/stdlib/executor.go:125.11,126.73 1 0
gitee.com/com_818cloud/shode/pkg/stdlib/executor.go:131.2,131.41 1 0
gitee.com/com_818cloud/shode/pkg/stdlib/executor.go:131.41,132.26 1 0
gitee.com/com_818cloud/shode/pkg/stdlib/executor.go:133.13,134.34 1 0
gitee.com/com_818cloud/shode/pkg/stdlib/executor.go:135.15,137.57 2 0
gitee.com/com_818cloud/shode/pkg/stdlib/executor.go:137.57,139.5 1 0
gitee.com/com_818cloud/shode/pkg/stdlib/executor.go:140.4,140.57 1 0
gitee.com/com_818cloud/shode/pkg/stdlib/executor.go:140.57,142.5 1 0
gitee.com/com_818cloud/shode/pkg/stdlib/executor.go:143.4,143.70 1 0
gitee.com/com_818cloud/shode/pkg/stdlib/executor.go:144.11,145.72 1 0
gitee.com/com_818cloud/shode/pkg/stdlib/executor.go:150.2,150.34 1 0
gitee.com/com_818cloud/shode/pkg/stdlib/executor.go:150.34,151.26 1 0
gitee.com/com_818cloud/shode/pkg/stdlib/executor.go:152.22,153.34 1 0
gitee.com/com_818cloud/shode/pkg/stdlib/executor.go:154.15,156.18 2 0
gitee.com/com_818cloud/shode/pkg/stdlib/executor.go:156.18,158.5 1 0
gitee.com/com_818cloud/shode/pkg/stdlib/executor.go:159.4,159.41 1 0
gitee.com/com_818cloud/shode/pkg/stdlib/executor.go:160.12,161.63 1 0
gitee.com/com_818cloud/shode/pkg/stdlib/executor.go:162.14,163.63 1 0
gitee.com/com_818cloud/shode/pkg/stdlib/executor.go:164.11,165.76 1 0
gitee.com/com_818cloud/shode/pkg/stdlib/executor.go:170.2,170.42 1 0
gitee.com/com_818cloud/shode/pkg/stdlib/executor.go:170.42,171.38 1 0
gitee.com/com_818cloud/shode/pkg/stdlib/executor.go:171.38,173.57 1 0
gitee.com/com_818cloud/shode/pkg/stdlib/executor.go:173.57,175.5 1 0
gitee.com/com_818cloud/shode/pkg/stdlib/executor.go:178.3,178.87 1 0
gitee.com/com_818cloud/shode/pkg/stdlib/executor.go:178.87,182.4 2 0
gitee.com/com_818cloud/shode/pkg/stdlib/executor.go:185.2,185.82 1 0
gitee.com/com_818cloud/shode/pkg/stdlib/executor.go:195.105,196.15 1 0
gitee.com/com_818cloud/shode/pkg/stdlib/executor.go:196.15,197.31 1 0
gitee.com/com_818cloud/shode/pkg/stdlib/executor.go:197.31,199.4 1 0
gitee.com/com_818cloud/shode/pkg/stdlib/executor.go:202.2,202.42 1 0
gitee.com/com_818cloud/shode/pkg/stdlib/executor.go:206.66,208.13 2 0
gitee.com/com_818cloud/shode/pkg/stdlib/executor.go:208.13,210.3 1 0
gitee.com/com_818cloud/shode/pkg/stdlib/executor.go:212.2,213.35 2 0
gitee.com/com_818cloud/shode/pkg/stdlib/executor.go:213.35,215.3 1 0
gitee.com/com_818cloud/shode/pkg/stdlib/executor.go:217.2,222.38 4 0
gitee.com/com_818cloud/shode/pkg/stdlib/executor.go:222.38,223.12 1 0
gitee.com/com_818cloud/shode/pkg/stdlib/executor.go:223.12,225.4 1 0
gitee.com/com_818cloud/shode/pkg/stdlib/executor.go:226.3,227.44 2 0
gitee.com/com_818cloud/shode/pkg/stdlib/executor.go:230.2,233.25 2 0
gitee.com/com_818cloud/shode/pkg/stdlib/executor.go:233.25,235.26 2 0
gitee.com/com_818cloud/shode/pkg/stdlib/executor.go:235.26,237.4 1 0
gitee.com/com_818cloud/shode/pkg/stdlib/executor.go:238.3,238.40 1 0
gitee.com/com_818cloud/shode/pkg/stdlib/executor.go:238.40,239.13 1 0
gitee.com/com_818cloud/shode/pkg/stdlib/executor.go:239.13,241.5 1 0
gitee.com/com_818cloud/shode/pkg/stdlib/executor.go:242.4,243.46 2 0
gitee.com/com_818cloud/shode/pkg/stdlib/executor.go:245.3,245.26 1 0
gitee.com/com_818cloud/shode/pkg/stdlib/executor.go:245.26,247.4 1 0
gitee.com/com_818cloud/shode/pkg/stdlib/executor.go:250.2,250.32 1 0
gitee.com/com_818cloud/shode/pkg/stdlib/files.go:15.51,17.16 2 0
gitee.com/com_818cloud/shode/pkg/stdlib/files.go:17.16,19.3 1 0
gitee.com/com_818cloud/shode/pkg/stdlib/files.go:20.2,24.50 3 0
gitee.com/com_818cloud/shode/pkg/stdlib/files.go:24.50,26.3 1 0
gitee.com/com_818cloud/shode/pkg/stdlib/files.go:28.2,29.16 2 0
gitee.com/com_818cloud/shode/pkg/stdlib/files.go:29.16,31.3 1 0
gitee.com/com_818cloud/shode/pkg/stdlib/files.go:32.2,35.16 3 0
gitee.com/com_818cloud/shode/pkg/stdlib/files.go:35.16,37.3 1 0
gitee.com/com_818cloud/shode/pkg/stdlib/files.go:40.2,41.16 2 0
gitee.com/com_818cloud/shode/pkg/stdlib/files.go:41.16,43.3 1 0
gitee.com/com_818cloud/shode/pkg/stdlib/files.go:45.2,46.16 2 0
gitee.com/com_818cloud/shode/pkg/stdlib/files.go:46.16,48.3 1 0
gitee.com/com_818cloud/shode/pkg/stdlib/files.go:50.2,50.12 1 0
gitee.com/com_818cloud/shode/pkg/stdlib/files.go:54.60,55.81 1 0
gitee.com/com_818cloud/shode/pkg/stdlib/files.go:55.81,56.17 1 0
gitee.com/com_818cloud/shode/pkg/stdlib/files.go:56.17,58.4 1 0
gitee.com/com_818cloud/shode/pkg/stdlib/files.go:60.3,61.17 2 0
gitee.com/com_818cloud/shode/pkg/stdlib/files.go:61.17,63.4 1 0
gitee.com/com_818cloud/shode/pkg/stdlib/files.go:65.3,67.19 2 0
gitee.com/com_818cloud/shode/pkg/stdlib/files.go:67.19,69.4 1 0
gitee.com/com_818cloud/shode/pkg/stdlib/files.go:71.3,71.36 1 0
gitee.com/com_818cloud/shode/pkg/stdlib/files.go:76.51,79.50 2 0
gitee.com/com_818cloud/shode/pkg/stdlib/files.go:79.50,81.3 1 0
gitee.com/com_818cloud/shode/pkg/stdlib/files.go:83.2,83.28 1 0
gitee.com/com_818cloud/shode/pkg/stdlib/files.go:87.49,89.2 1 0
gitee.com/com_818cloud/shode/pkg/stdlib/files.go:92.58,94.2 1 0
gitee.com/com_818cloud/shode/pkg/stdlib/files.go:97.48,99.2 1 0
gitee.com/com_818cloud/shode/pkg/stdlib/files.go:102.71,104.16 2 0
gitee.com/com_818cloud/shode/pkg/stdlib/files.go:104.16,106.3 1 0
gitee.com/com_818cloud/shode/pkg/stdlib/files.go:107.2,107.45 1 0
gitee.com/com_818cloud/shode/pkg/stdlib/files.go:111.48,113.2 1 0
gitee.com/com_818cloud/shode/pkg/stdlib/files.go:116.64,118.16 2 0
gitee.com/com_818cloud/shode/pkg/stdlib/files.go:118.16,120.3 1 0
gitee.com/com_818cloud/shode/pkg/stdlib/files.go:121.2,126.34 5 0
gitee.com/com_818cloud/shode/pkg/stdlib/files.go:126.34,129.3 2 0
gitee.com/com_818cloud/shode/pkg/stdlib/files.go:131.2,131.38 1 0
gitee.com/com_818cloud/shode/pkg/stdlib/files.go:131.38,133.3 1 0
gitee.com/com_818cloud/shode/pkg/stdlib/files.go:135.2,135.39 1 0
gitee.com/com_818cloud/shode/pkg/stdlib/files.go:139.64,141.16 2 0
gitee.com/com_818cloud/shode/pkg/stdlib/files.go:141.16,143.3 1 0
gitee.com/com_818cloud/shode/pkg/stdlib/files.go:144.2,148.21 4 0
gitee.com/com_818cloud/shode/pkg/stdlib/files.go:148.21,150.3 1 0
gitee.com/com_818cloud/shode/pkg/stdlib/files.go:152.2,152.38 1 0
gitee.com/com_818cloud/shode/pkg/stdlib/files.go:152.38,154.3 1 0
gitee.com/com_818cloud/shode/pkg/stdlib/files.go:156.2,157.20 2 0
gitee.com/com_818cloud/shode/pkg/stdlib/files.go:157.20,159.3 1 0
gitee.com/com_818cloud/shode/pkg/stdlib/files.go:161.2,161.47 1 0
gitee.com/com_818cloud/shode/pkg/stdlib/files.go:165.68,168.81 2 0
gitee.com/com_818cloud/shode/pkg/stdlib/files.go:168.81,169.17 1 0
gitee.com/com_818cloud/shode/pkg/stdlib/files.go:169.17,171.4 1 0
gitee.com/com_818cloud/shode/pkg/stdlib/files.go:173.3,173.19 1 0
gitee.com/com_818cloud/shode/pkg/stdlib/files.go:173.19,175.4 1 0
gitee.com/com_818cloud/shode/pkg/stdlib/files.go:177.3,178.17 2 0
gitee.com/com_818cloud/shode/pkg/stdlib/files.go:178.17,180.4 1 0
gitee.com/com_818cloud/shode/pkg/stdlib/files.go:182.3,182.14 1 0
gitee.com/com_818cloud/shode/pkg/stdlib/files.go:182.14,184.4 1 0
gitee.com/com_818cloud/shode/pkg/stdlib/files.go:186.3,186.13 1 0
gitee.com/com_818cloud/shode/pkg/stdlib/files.go:189.2,189.16 1 0
gitee.com/com_818cloud/shode/pkg/stdlib/files.go:189.16,191.3 1 0
gitee.com/com_818cloud/shode/pkg/stdlib/files.go:193.2,193.21 1 0
gitee.com/com_818cloud/shode/pkg/stdlib/files.go:197.63,199.16 2 0
gitee.com/com_818cloud/shode/pkg/stdlib/files.go:199.16,201.3 1 0
gitee.com/com_818cloud/shode/pkg/stdlib/files.go:202.2,202.42 1 0
gitee.com/com_818cloud/shode/pkg/stdlib/files.go:206.72,208.16 2 0
gitee.com/com_818cloud/shode/pkg/stdlib/files.go:208.16,210.3 1 0
gitee.com/com_818cloud/shode/pkg/stdlib/files.go:212.2,212.79 1 0
gitee.com/com_818cloud/shode/pkg/stdlib/files.go:212.79,213.17 1 0
gitee.com/com_818cloud/shode/pkg/stdlib/files.go:213.17,215.4 1 0
gitee.com/com_818cloud/shode/pkg/stdlib/files.go:216.3,216.40 1 0
gitee.com/com_818cloud/shode/pkg/stdlib/files.go:221.63,224.2 1 0
gitee.com/com_818cloud/shode/pkg/stdlib/files.go:227.66,229.16 2 0
gitee.com/com_818cloud/shode/pkg/stdlib/files.go:229.16,231.3 1 0
gitee.com/com_818cloud/shode/pkg/stdlib/files.go:232.2,238.21 5 0
gitee.com/com_818cloud/shode/pkg/stdlib/files.go:238.21,241.3 2 0
gitee.com/com_818cloud/shode/pkg/stdlib/files.go:243.2,248.44 2 0
gitee.com/com_818cloud/shode/pkg/stdlib/files.go:248.44,250.3 1 0
gitee.com/com_818cloud/shode/pkg/stdlib/files.go:252.2,252.20 1 0
gitee.com/com_818cloud/shode/pkg/stdlib/files.go:256.66,259.16 3 0
gitee.com/com_818cloud/shode/pkg/stdlib/files.go:259.16,261.3 1 0
gitee.com/com_818cloud/shode/pkg/stdlib/files.go:262.2,262.28 1 0
gitee.com/com_818cloud/shode/pkg/stdlib/files.go:266.52,271.29 4 0
gitee.com/com_818cloud/shode/pkg/stdlib/files.go:271.29,272.18 1 0
gitee.com/com_818cloud/shode/pkg/stdlib/files.go:272.18,275.4 2 0
gitee.com/com_818cloud/shode/pkg/stdlib/files.go:278.2,278.35 1 0
gitee.com/com_818cloud/shode/pkg/stdlib/files.go:282.50,286.29 3 0
gitee.com/com_818cloud/shode/pkg/stdlib/files.go:286.29,287.36 1 0
gitee.com/com_818cloud/shode/pkg/stdlib/files.go:287.36,289.4 1 0
gitee.com/com_818cloud/shode/pkg/stdlib/files.go:291.2,291.37 1 0
gitee.com/com_818cloud/shode/pkg/stdlib/function_map.go:95.49,98.2 2 0
gitee.com/com_818cloud/shode/pkg/stdlib/function_map.go:101.64,104.2 2 0
gitee.com/com_818cloud/shode/pkg/stdlib/function_map.go:107.44,109.32 2 0
gitee.com/com_818cloud/shode/pkg/stdlib/function_map.go:109.32,111.3 1 0
gitee.com/com_818cloud/shode/pkg/stdlib/function_map.go:112.2,112.14 1 0
gitee.com/com_818cloud/shode/pkg/stdlib/function_map.go:116.60,155.2 2 0
gitee.com/com_818cloud/shode/pkg/stdlib/ioc.go:9.79,11.26 2 0
gitee.com/com_818cloud/shode/pkg/stdlib/ioc.go:11.26,13.3 1 0
gitee.com/com_818cloud/shode/pkg/stdlib/ioc.go:13.8,15.3 1 0
gitee.com/com_818cloud/shode/pkg/stdlib/ioc.go:17.2,17.63 1 0
gitee.com/com_818cloud/shode/pkg/stdlib/ioc.go:22.61,24.2 1 0
gitee.com/com_818cloud/shode/pkg/stdlib/ioc.go:28.50,30.2 1 0
gitee.com/com_818cloud/shode/pkg/stdlib/ioc.go:34.43,36.2 1 0
gitee.com/com_818cloud/shode/pkg/stdlib/network.go:24.112,28.16 3 0
gitee.com/com_818cloud/shode/pkg/stdlib/network.go:28.16,30.3 1 0
gitee.com/com_818cloud/shode/pkg/stdlib/network.go:32.2,33.16 2 0
gitee.com/com_818cloud/shode/pkg/stdlib/network.go:33.16,35.3 1 0
gitee.com/com_818cloud/shode/pkg/stdlib/network.go:38.2,38.34 1 0
gitee.com/com_818cloud/shode/pkg/stdlib/network.go:38.34,40.3 1 0
gitee.com/com_818cloud/shode/pkg/stdlib/network.go:42.2,43.16 2 0
gitee.com/com_818cloud/shode/pkg/stdlib/network.go:43.16,45.3 1 0
gitee.com/com_818cloud/shode/pkg/stdlib/network.go:46.2,49.16 3 0
gitee.com/com_818cloud/shode/pkg/stdlib/network.go:49.16,51.3 1 0
gitee.com/com_818cloud/shode/pkg/stdlib/network.go:53.2,53.51 1 0
gitee.com/com_818cloud/shode/pkg/stdlib/network.go:57.69,60.16 3 0
gitee.com/com_818cloud/shode/pkg/stdlib/network.go:60.16,62.3 1 0
gitee.com/com_818cloud/shode/pkg/stdlib/network.go:65.2,72.29 3 0
gitee.com/com_818cloud/shode/pkg/stdlib/network.go:72.29,73.52 1 0
gitee.com/com_818cloud/shode/pkg/stdlib/network.go:73.52,75.24 2 0
gitee.com/com_818cloud/shode/pkg/stdlib/network.go:75.24,78.5 2 0
gitee.com/com_818cloud/shode/pkg/stdlib/network.go:81.3,81.44 1 0
gitee.com/com_818cloud/shode/pkg/stdlib/network.go:81.44,83.24 2 0
gitee.com/com_818cloud/shode/pkg/stdlib/network.go:83.24,86.5 2 0
gitee.com/com_818cloud/shode/pkg/stdlib/network.go:89.3,89.36 1 0
gitee.com/com_818cloud/shode/pkg/stdlib/network.go:89.36,91.24 2 0
gitee.com/com_818cloud/shode/pkg/stdlib/network.go:91.24,94.5 2 0
gitee.com/com_818cloud/shode/pkg/stdlib/network.go:98.2,98.20 1 0
gitee.com/com_818cloud/shode/pkg/stdlib/network.go:102.69,105.16 3 0
gitee.com/com_818cloud/shode/pkg/stdlib/network.go:105.16,107.3 1 0
gitee.com/com_818cloud/shode/pkg/stdlib/network.go:109.2,109.28 1 0
gitee.com/com_818cloud/shode/pkg/stdlib/network.go:113.57,116.17 2 0
gitee.com/com_818cloud/shode/pkg/stdlib/network.go:116.17,118.3 1 0
gitee.com/com_818cloud/shode/pkg/stdlib/network.go:120.2,121.16 2 0
gitee.com/com_818cloud/shode/pkg/stdlib/network.go:121.16,125.17 3 0
gitee.com/com_818cloud/shode/pkg/stdlib/network.go:125.17,127.4 1 0
gitee.com/com_818cloud/shode/pkg/stdlib/network.go:130.2,130.28 1 0
gitee.com/com_818cloud/shode/pkg/stdlib/network.go:134.48,137.16 3 0
gitee.com/com_818cloud/shode/pkg/stdlib/network.go:137.16,139.3 1 0
gitee.com/com_818cloud/shode/pkg/stdlib/network.go:141.2,142.18 2 0
gitee.com/com_818cloud/shode/pkg/stdlib/network.go:142.18,144.3 1 0
gitee.com/com_818cloud/shode/pkg/stdlib/network.go:146.2,146.46 1 0
gitee.com/com_818cloud/shode/pkg/stdlib/stdlib.go:135.61,139.2 3 0
gitee.com/com_818cloud/shode/pkg/stdlib/stdlib.go:141.62,142.16 1 0
gitee.com/com_818cloud/shode/pkg/stdlib/stdlib.go:142.16,145.3 2 0
gitee.com/com_818cloud/shode/pkg/stdlib/stdlib.go:146.2,146.34 1 0
gitee.com/com_818cloud/shode/pkg/stdlib/stdlib.go:150.20,162.2 1 1
gitee.com/com_818cloud/shode/pkg/stdlib/stdlib.go:167.58,169.15 2 0
gitee.com/com_818cloud/shode/pkg/stdlib/stdlib.go:169.15,171.3 1 0
gitee.com/com_818cloud/shode/pkg/stdlib/stdlib.go:174.2,178.20 3 0
gitee.com/com_818cloud/shode/pkg/stdlib/stdlib.go:178.20,180.3 1 0
gitee.com/com_818cloud/shode/pkg/stdlib/stdlib.go:183.2,183.30 1 0
gitee.com/com_818cloud/shode/pkg/stdlib/stdlib.go:184.21,185.36 1 0
gitee.com/com_818cloud/shode/pkg/stdlib/stdlib.go:186.13,187.35 1 0
gitee.com/com_818cloud/shode/pkg/stdlib/stdlib.go:188.12,189.49 1 0
gitee.com/com_818cloud/shode/pkg/stdlib/stdlib.go:190.14,191.43 1 0
gitee.com/com_818cloud/shode/pkg/stdlib/stdlib.go:192.13,193.42 1 0
gitee.com/com_818cloud/shode/pkg/stdlib/stdlib.go:194.13,195.21 1 0
gitee.com/com_818cloud/shode/pkg/stdlib/stdlib.go:196.21,197.22 1 0
gitee.com/com_818cloud/shode/pkg/stdlib/stdlib.go:198.13,199.21 1 0
gitee.com/com_818cloud/shode/pkg/stdlib/stdlib.go:200.13,201.25 1 0
gitee.com/com_818cloud/shode/pkg/stdlib/stdlib.go:202.13,203.24 1 0
gitee.com/com_818cloud/shode/pkg/stdlib/stdlib.go:204.23,205.22 1 0
gitee.com/com_818cloud/shode/pkg/stdlib/stdlib.go:206.13,207.20 1 0
gitee.com/com_818cloud/shode/pkg/stdlib/stdlib.go:208.13,209.41 1 0
gitee.com/com_818cloud/shode/pkg/stdlib/stdlib.go:210.13,211.27 1 0
gitee.com/com_818cloud/shode/pkg/stdlib/stdlib.go:212.13,213.27 1 0
gitee.com/com_818cloud/shode/pkg/stdlib/stdlib.go:214.13,215.37 1 0
gitee.com/com_818cloud/shode/pkg/stdlib/stdlib.go:216.12,217.40 1 0
gitee.com/com_818cloud/shode/pkg/stdlib/stdlib.go:218.10,219.36 1 0
gitee.com/com_818cloud/shode/pkg/stdlib/stdlib.go:224.77,226.32 1 0
gitee.com/com_818cloud/shode/pkg/stdlib/stdlib.go:226.32,228.17 2 0
gitee.com/com_818cloud/shode/pkg/stdlib/stdlib.go:228.17,230.4 1 0
gitee.com/com_818cloud/shode/pkg/stdlib/stdlib.go:231.3,231.43 1 0
gitee.com/com_818cloud/shode/pkg/stdlib/stdlib.go:235.2,239.16 3 0
gitee.com/com_818cloud/shode/pkg/stdlib/stdlib.go:239.16,240.25 1 0
gitee.com/com_818cloud/shode/pkg/stdlib/stdlib.go:240.25,242.4 1 0
gitee.com/com_818cloud/shode/pkg/stdlib/stdlib.go:243.3,243.63 1 0
gitee.com/com_818cloud/shode/pkg/stdlib/stdlib.go:247.2,247.19 1 0
gitee.com/com_818cloud/shode/pkg/stdlib/stdlib.go:247.19,249.3 1 0
gitee.com/com_818cloud/shode/pkg/stdlib/stdlib.go:251.2,251.23 1 0
gitee.com/com_818cloud/shode/pkg/stdlib/stdlib.go:255.118,258.16 2 0
gitee.com/com_818cloud/shode/pkg/stdlib/stdlib.go:258.16,259.25 1 0
gitee.com/com_818cloud/shode/pkg/stdlib/stdlib.go:259.25,261.4 1 0
gitee.com/com_818cloud/shode/pkg/stdlib/stdlib.go:262.3,262.54 1 0
gitee.com/com_818cloud/shode/pkg/stdlib/stdlib.go:266.2,266.18 1 0
gitee.com/com_818cloud/shode/pkg/stdlib/stdlib.go:266.18,268.3 1 0
gitee.com/com_818cloud/shode/pkg/stdlib/stdlib.go:270.2,283.46 7 0
gitee.com/com_818cloud/shode/pkg/stdlib/stdlib.go:283.46,286.3 2 0
gitee.com/com_818cloud/shode/pkg/stdlib/stdlib.go:289.2,290.27 2 0
gitee.com/com_818cloud/shode/pkg/stdlib/stdlib.go:290.27,292.46 2 0
gitee.com/com_818cloud/shode/pkg/stdlib/stdlib.go:292.46,295.4 2 0
gitee.com/com_818cloud/shode/pkg/stdlib/stdlib.go:299.2,308.67 5 0
gitee.com/com_818cloud/shode/pkg/stdlib/stdlib.go:308.67,312.39 2 0
gitee.com/com_818cloud/shode/pkg/stdlib/stdlib.go:312.39,315.36 2 0
gitee.com/com_818cloud/shode/pkg/stdlib/stdlib.go:315.36,319.29 3 0
gitee.com/com_818cloud/shode/pkg/stdlib/stdlib.go:319.29,324.6 3 0
gitee.com/com_818cloud/shode/pkg/stdlib/stdlib.go:326.5,330.28 3 0
gitee.com/com_818cloud/shode/pkg/stdlib/stdlib.go:330.28,332.56 2 0
gitee.com/com_818cloud/shode/pkg/stdlib/stdlib.go:332.56,336.7 3 0
gitee.com/com_818cloud/shode/pkg/stdlib/stdlib.go:340.5,340.28 1 0
gitee.com/com_818cloud/shode/pkg/stdlib/stdlib.go:340.28,342.57 2 0
gitee.com/com_818cloud/shode/pkg/stdlib/stdlib.go:342.57,346.7 3 0
gitee.com/com_818cloud/shode/pkg/stdlib/stdlib.go:347.11,350.6 1 0
gitee.com/com_818cloud/shode/pkg/stdlib/stdlib.go:352.5,352.65 1 0
gitee.com/com_818cloud/shode/pkg/stdlib/stdlib.go:355.4,355.23 1 0
gitee.com/com_818cloud/shode/pkg/stdlib/stdlib.go:355.23,357.5 1 0
gitee.com/com_818cloud/shode/pkg/stdlib/stdlib.go:358.9,362.23 2 0
gitee.com/com_818cloud/shode/pkg/stdlib/stdlib.go:362.23,366.23 2 0
gitee.com/com_818cloud/shode/pkg/stdlib/stdlib.go:366.23,368.54 2 0
gitee.com/com_818cloud/shode/pkg/stdlib/stdlib.go:368.54,372.7 3 0
gitee.com/com_818cloud/shode/pkg/stdlib/stdlib.go:376.5,376.23 1 0
gitee.com/com_818cloud/shode/pkg/stdlib/stdlib.go:376.23,378.54 2 0
gitee.com/com_818cloud/shode/pkg/stdlib/stdlib.go:378.54,382.7 3 0
gitee.com/com_818cloud/shode/pkg/stdlib/stdlib.go:383.11,385.6 1 0
gitee.com/com_818cloud/shode/pkg/stdlib/stdlib.go:387.5,388.23 2 0
gitee.com/com_818cloud/shode/pkg/stdlib/stdlib.go:395.2,398.31 2 0
gitee.com/com_818cloud/shode/pkg/stdlib/stdlib.go:398.31,400.3 1 0
gitee.com/com_818cloud/shode/pkg/stdlib/stdlib.go:403.2,408.16 4 0
gitee.com/com_818cloud/shode/pkg/stdlib/stdlib.go:408.16,410.3 1 0
gitee.com/com_818cloud/shode/pkg/stdlib/stdlib.go:411.2,414.18 2 0
gitee.com/com_818cloud/shode/pkg/stdlib/stdlib.go:414.18,418.18 2 0
gitee.com/com_818cloud/shode/pkg/stdlib/stdlib.go:418.18,421.4 1 0
gitee.com/com_818cloud/shode/pkg/stdlib/stdlib.go:424.3,424.17 1 0
gitee.com/com_818cloud/shode/pkg/stdlib/stdlib.go:424.17,435.18 6 0
gitee.com/com_818cloud/shode/pkg/stdlib/stdlib.go:435.18,437.5 1 0
gitee.com/com_818cloud/shode/pkg/stdlib/stdlib.go:440.4,440.45 1 0
gitee.com/com_818cloud/shode/pkg/stdlib/stdlib.go:440.45,442.5 1 0
gitee.com/com_818cloud/shode/pkg/stdlib/stdlib.go:443.9,445.46 1 0
gitee.com/com_818cloud/shode/pkg/stdlib/stdlib.go:445.46,447.5 1 0
gitee.com/com_818cloud/shode/pkg/stdlib/stdlib.go:449.8,449.29 1 0
gitee.com/com_818cloud/shode/pkg/stdlib/stdlib.go:449.29,462.54 9 0
gitee.com/com_818cloud/shode/pkg/stdlib/stdlib.go:462.54,464.4 1 0
gitee.com/com_818cloud/shode/pkg/stdlib/stdlib.go:465.8,472.28 4 0
gitee.com/com_818cloud/shode/pkg/stdlib/stdlib.go:472.28,483.55 8 0
gitee.com/com_818cloud/shode/pkg/stdlib/stdlib.go:483.55,485.5 1 0
gitee.com/com_818cloud/shode/pkg/stdlib/stdlib.go:488.4,488.26 1 0
gitee.com/com_818cloud/shode/pkg/stdlib/stdlib.go:492.3,492.41 1 0
gitee.com/com_818cloud/shode/pkg/stdlib/stdlib.go:495.2,495.12 1 0
gitee.com/com_818cloud/shode/pkg/stdlib/stdlib.go:505.116,508.16 2 0
gitee.com/com_818cloud/shode/pkg/stdlib/stdlib.go:508.16,510.3 1 0
gitee.com/com_818cloud/shode/pkg/stdlib/stdlib.go:513.2,533.24 19 0
gitee.com/com_818cloud/shode/pkg/stdlib/stdlib.go:533.24,535.3 1 0
gitee.com/com_818cloud/shode/pkg/stdlib/stdlib.go:538.2,538.32 1 0
gitee.com/com_818cloud/shode/pkg/stdlib/stdlib.go:538.32,544.17 4 0
gitee.com/com_818cloud/shode/pkg/stdlib/stdlib.go:544.17,545.12 1 0
gitee.com/com_818cloud/shode/pkg/stdlib/stdlib.go:547.3,550.35 2 0
gitee.com/com_818cloud/shode/pkg/stdlib/stdlib.go:550.35,551.12 1 0
gitee.com/com_818cloud/shode/pkg/stdlib/stdlib.go:554.3,555.12 2 0
gitee.com/com_818cloud/shode/pkg/stdlib/stdlib.go:555.12,557.4 1 0
gitee.com/com_818cloud/shode/pkg/stdlib/stdlib.go:559.3,560.102 2 0
gitee.com/com_818cloud/shode/pkg/stdlib/stdlib.go:563.2,567.12 4 0
gitee.com/com_818cloud/shode/pkg/stdlib/stdlib.go:571.89,574.47 2 0
gitee.com/com_818cloud/shode/pkg/stdlib/stdlib.go:574.47,576.3 1 0
gitee.com/com_818cloud/shode/pkg/stdlib/stdlib.go:576.8,578.44 1 0
gitee.com/com_818cloud/shode/pkg/stdlib/stdlib.go:578.44,580.4 1 0
gitee.com/com_818cloud/shode/pkg/stdlib/stdlib.go:584.2,584.42 1 0
gitee.com/com_818cloud/shode/pkg/stdlib/stdlib.go:584.42,586.3 1 0
gitee.com/com_818cloud/shode/pkg/stdlib/stdlib.go:588.2,588.26 1 0
gitee.com/com_818cloud/shode/pkg/stdlib/stdlib.go:592.80,598.16 3 0
gitee.com/com_818cloud/shode/pkg/stdlib/stdlib.go:598.16,600.3 1 0
gitee.com/com_818cloud/shode/pkg/stdlib/stdlib.go:602.2,603.16 2 0
gitee.com/com_818cloud/shode/pkg/stdlib/stdlib.go:603.16,605.3 1 0
gitee.com/com_818cloud/shode/pkg/stdlib/stdlib.go:607.2,607.45 1 0
gitee.com/com_818cloud/shode/pkg/stdlib/stdlib.go:607.45,609.3 1 0
gitee.com/com_818cloud/shode/pkg/stdlib/stdlib.go:611.2,611.22 1 0
gitee.com/com_818cloud/shode/pkg/stdlib/stdlib.go:615.124,616.46 1 0
gitee.com/com_818cloud/shode/pkg/stdlib/stdlib.go:616.46,618.47 2 0
gitee.com/com_818cloud/shode/pkg/stdlib/stdlib.go:618.47,619.64 1 0
gitee.com/com_818cloud/shode/pkg/stdlib/stdlib.go:619.64,621.5 1 0
gitee.com/com_818cloud/shode/pkg/stdlib/stdlib.go:622.4,622.15 1 0
gitee.com/com_818cloud/shode/pkg/stdlib/stdlib.go:625.2,625.14 1 0
gitee.com/com_818cloud/shode/pkg/stdlib/stdlib.go:629.105,630.30 1 0
gitee.com/com_818cloud/shode/pkg/stdlib/stdlib.go:630.30,632.3 1 0
gitee.com/com_818cloud/shode/pkg/stdlib/stdlib.go:634.2,635.49 2 0
gitee.com/com_818cloud/shode/pkg/stdlib/stdlib.go:635.49,636.66 1 0
gitee.com/com_818cloud/shode/pkg/stdlib/stdlib.go:636.66,638.4 1 0
gitee.com/com_818cloud/shode/pkg/stdlib/stdlib.go:639.3,639.14 1 0
gitee.com/com_818cloud/shode/pkg/stdlib/stdlib.go:641.2,641.14 1 0
gitee.com/com_818cloud/shode/pkg/stdlib/stdlib.go:645.121,648.16 2 0
gitee.com/com_818cloud/shode/pkg/stdlib/stdlib.go:648.16,651.3 2 0
gitee.com/com_818cloud/shode/pkg/stdlib/stdlib.go:654.2,656.16 3 0
gitee.com/com_818cloud/shode/pkg/stdlib/stdlib.go:656.16,659.3 2 0
gitee.com/com_818cloud/shode/pkg/stdlib/stdlib.go:662.2,663.16 2 0
gitee.com/com_818cloud/shode/pkg/stdlib/stdlib.go:663.16,664.25 1 0
gitee.com/com_818cloud/shode/pkg/stdlib/stdlib.go:664.25,666.39 1 0
gitee.com/com_818cloud/shode/pkg/stdlib/stdlib.go:666.39,668.5 1 0
gitee.com/com_818cloud/shode/pkg/stdlib/stdlib.go:670.4,671.10 2 0
gitee.com/com_818cloud/shode/pkg/stdlib/stdlib.go:673.3,674.9 2 0
gitee.com/com_818cloud/shode/pkg/stdlib/stdlib.go:678.2,678.18 1 0
gitee.com/com_818cloud/shode/pkg/stdlib/stdlib.go:678.18,681.3 2 0
gitee.com/com_818cloud/shode/pkg/stdlib/stdlib.go:684.2,684.61 1 0
gitee.com/com_818cloud/shode/pkg/stdlib/stdlib.go:684.61,686.3 1 0
gitee.com/com_818cloud/shode/pkg/stdlib/stdlib.go:690.138,692.49 1 0
gitee.com/com_818cloud/shode/pkg/stdlib/stdlib.go:692.49,694.3 1 0
gitee.com/com_818cloud/shode/pkg/stdlib/stdlib.go:697.2,697.28 1 0
gitee.com/com_818cloud/shode/pkg/stdlib/stdlib.go:697.28,698.79 1 0
gitee.com/com_818cloud/shode/pkg/stdlib/stdlib.go:698.79,700.4 1 0
gitee.com/com_818cloud/shode/pkg/stdlib/stdlib.go:701.8,703.3 1 0
gitee.com/com_818cloud/shode/pkg/stdlib/stdlib.go:709.61,711.16 2 1
gitee.com/com_818cloud/shode/pkg/stdlib/stdlib.go:711.16,713.3 1 1
gitee.com/com_818cloud/shode/pkg/stdlib/stdlib.go:714.2,714.29 1 0
gitee.com/com_818cloud/shode/pkg/stdlib/stdlib.go:718.61,720.2 1 0
gitee.com/com_818cloud/shode/pkg/stdlib/stdlib.go:723.63,725.16 2 0
gitee.com/com_818cloud/shode/pkg/stdlib/stdlib.go:725.16,727.3 1 0
gitee.com/com_818cloud/shode/pkg/stdlib/stdlib.go:729.2,730.29 2 0
gitee.com/com_818cloud/shode/pkg/stdlib/stdlib.go:730.29,732.3 1 0
gitee.com/com_818cloud/shode/pkg/stdlib/stdlib.go:733.2,733.23 1 0
gitee.com/com_818cloud/shode/pkg/stdlib/stdlib.go:737.52,740.2 2 1
gitee.com/com_818cloud/shode/pkg/stdlib/stdlib.go:745.58,747.2 1 1
gitee.com/com_818cloud/shode/pkg/stdlib/stdlib.go:750.54,752.2 1 1
gitee.com/com_818cloud/shode/pkg/stdlib/stdlib.go:755.44,757.2 1 1
gitee.com/com_818cloud/shode/pkg/stdlib/stdlib.go:760.44,762.2 1 1
gitee.com/com_818cloud/shode/pkg/stdlib/stdlib.go:765.41,767.2 1 1
gitee.com/com_818cloud/shode/pkg/stdlib/stdlib.go:772.45,774.2 1 1
gitee.com/com_818cloud/shode/pkg/stdlib/stdlib.go:777.51,779.2 1 1
gitee.com/com_818cloud/shode/pkg/stdlib/stdlib.go:782.48,784.2 1 1
gitee.com/com_818cloud/shode/pkg/stdlib/stdlib.go:787.51,789.2 1 1
gitee.com/com_818cloud/shode/pkg/stdlib/stdlib.go:794.38,796.2 1 0
gitee.com/com_818cloud/shode/pkg/stdlib/stdlib.go:799.40,801.2 1 0
gitee.com/com_818cloud/shode/pkg/stdlib/stdlib.go:804.38,806.2 1 0
gitee.com/com_818cloud/shode/pkg/stdlib/stdlib.go:809.40,811.2 1 0
gitee.com/com_818cloud/shode/pkg/stdlib/stdlib.go:816.87,817.61 1 0
gitee.com/com_818cloud/shode/pkg/stdlib/stdlib.go:817.61,819.3 1 0
gitee.com/com_818cloud/shode/pkg/stdlib/stdlib.go:822.2,823.17 2 0
gitee.com/com_818cloud/shode/pkg/stdlib/stdlib.go:823.17,825.3 1 0
gitee.com/com_818cloud/shode/pkg/stdlib/stdlib.go:828.2,828.42 1 0
gitee.com/com_818cloud/shode/pkg/stdlib/stdlib.go:828.42,830.3 1 0
gitee.com/com_818cloud/shode/pkg/stdlib/stdlib.go:833.2,843.26 3 0
gitee.com/com_818cloud/shode/pkg/stdlib/stdlib.go:843.26,852.3 1 0
gitee.com/com_818cloud/shode/pkg/stdlib/stdlib.go:854.2,854.43 1 0
gitee.com/com_818cloud/shode/pkg/stdlib/stdlib.go:854.43,856.3 1 0
gitee.com/com_818cloud/shode/pkg/stdlib/stdlib.go:860.56,864.26 3 0
gitee.com/com_818cloud/shode/pkg/stdlib/stdlib.go:864.26,866.3 1 0
gitee.com/com_818cloud/shode/pkg/stdlib/stdlib.go:869.2,869.76 1 0
gitee.com/com_818cloud/shode/pkg/stdlib/stdlib.go:869.76,871.3 1 0
gitee.com/com_818cloud/shode/pkg/stdlib/stdlib.go:873.2,876.12 3 0
gitee.com/com_818cloud/shode/pkg/stdlib/stdlib.go:881.54,892.16 5 0
gitee.com/com_818cloud/shode/pkg/stdlib/stdlib.go:892.16,894.3 1 0
gitee.com/com_818cloud/shode/pkg/stdlib/stdlib.go:897.2,897.53 1 0
gitee.com/com_818cloud/shode/pkg/stdlib/stdlib.go:897.53,899.3 1 0
gitee.com/com_818cloud/shode/pkg/stdlib/stdlib.go:902.2,921.12 4 0
gitee.com/com_818cloud/shode/pkg/stdlib/stdlib.go:921.12,922.80 1 0
gitee.com/com_818cloud/shode/pkg/stdlib/stdlib.go:922.80,924.4 1 0
gitee.com/com_818cloud/shode/pkg/stdlib/stdlib.go:927.3,929.28 3 0
gitee.com/com_818cloud/shode/pkg/stdlib/stdlib.go:932.2,932.12 1 0
gitee.com/com_818cloud/shode/pkg/stdlib/stdlib.go:937.65,939.2 1 0
gitee.com/com_818cloud/shode/pkg/stdlib/stdlib.go:945.86,949.26 3 0
gitee.com/com_818cloud/shode/pkg/stdlib/stdlib.go:949.26,951.3 1 0
gitee.com/com_818cloud/shode/pkg/stdlib/stdlib.go:956.2,957.18 2 0
gitee.com/com_818cloud/shode/pkg/stdlib/stdlib.go:957.18,959.3 1 0
gitee.com/com_818cloud/shode/pkg/stdlib/stdlib.go:962.2,962.85 1 0
gitee.com/com_818cloud/shode/pkg/stdlib/stdlib.go:962.85,964.3 1 0
gitee.com/com_818cloud/shode/pkg/stdlib/stdlib.go:966.2,974.29 5 0
gitee.com/com_818cloud/shode/pkg/stdlib/stdlib.go:974.29,977.17 2 0
gitee.com/com_818cloud/shode/pkg/stdlib/stdlib.go:977.17,979.4 1 0
gitee.com/com_818cloud/shode/pkg/stdlib/stdlib.go:980.3,993.4 1 0
gitee.com/com_818cloud/shode/pkg/stdlib/stdlib.go:994.8,1001.3 1 0
gitee.com/com_818cloud/shode/pkg/stdlib/stdlib.go:1004.2,1007.62 2 0
gitee.com/com_818cloud/shode/pkg/stdlib/stdlib.go:1007.62,1009.3 1 0
gitee.com/com_818cloud/shode/pkg/stdlib/stdlib.go:1013.2,1013.42 1 0
gitee.com/com_818cloud/shode/pkg/stdlib/stdlib.go:1013.42,1016.83 2 0
gitee.com/com_818cloud/shode/pkg/stdlib/stdlib.go:1016.83,1027.17 5 0
gitee.com/com_818cloud/shode/pkg/stdlib/stdlib.go:1027.17,1030.5 2 0
gitee.com/com_818cloud/shode/pkg/stdlib/stdlib.go:1033.4,1041.19 6 0
gitee.com/com_818cloud/shode/pkg/stdlib/stdlib.go:1041.19,1043.5 1 0
gitee.com/com_818cloud/shode/pkg/stdlib/stdlib.go:1043.10,1043.29 1 0
gitee.com/com_818cloud/shode/pkg/stdlib/stdlib.go:1043.29,1045.5 1 0
gitee.com/com_818cloud/shode/pkg/stdlib/stdlib.go:1047.4,1047.30 1 0
gitee.com/com_818cloud/shode/pkg/stdlib/stdlib.go:1047.30,1050.60 2 0
gitee.com/com_818cloud/shode/pkg/stdlib/stdlib.go:1050.60,1051.47 1 0
gitee.com/com_818cloud/shode/pkg/stdlib/stdlib.go:1051.47,1053.12 2 0
gitee.com/com_818cloud/shode/pkg/stdlib/stdlib.go:1056.5,1056.28 1 0
gitee.com/com_818cloud/shode/pkg/stdlib/stdlib.go:1056.28,1059.61 2 0
gitee.com/com_818cloud/shode/pkg/stdlib/stdlib.go:1059.61,1060.84 1 0
gitee.com/com_818cloud/shode/pkg/stdlib/stdlib.go:1060.84,1063.8 2 0
gitee.com/com_818cloud/shode/pkg/stdlib/stdlib.go:1066.6,1067.12 2 0
gitee.com/com_818cloud/shode/pkg/stdlib/stdlib.go:1069.5,1071.11 3 0
gitee.com/com_818cloud/shode/pkg/stdlib/stdlib.go:1075.4,1080.17 5 0
gitee.com/com_818cloud/shode/pkg/stdlib/stdlib.go:1080.17,1083.5 2 0
gitee.com/com_818cloud/shode/pkg/stdlib/stdlib.go:1086.4,1086.49 1 0
gitee.com/com_818cloud/shode/pkg/stdlib/stdlib.go:1086.49,1088.32 1 0
gitee.com/com_818cloud/shode/pkg/stdlib/stdlib.go:1088.32,1090.32 2 0
gitee.com/com_818cloud/shode/pkg/stdlib/stdlib.go:1090.32,1095.41 3 0
gitee.com/com_818cloud/shode/pkg/stdlib/stdlib.go:1095.41,1120.52 10 0
gitee.com/com_818cloud/shode/pkg/stdlib/stdlib.go:1120.52,1127.9 5 0
gitee.com/com_818cloud/shode/pkg/stdlib/stdlib.go:1127.14,1141.35 6 0
gitee.com/com_818cloud/shode/pkg/stdlib/stdlib.go:1141.35,1142.54 1 0
gitee.com/com_818cloud/shode/pkg/stdlib/stdlib.go:1142.54,1145.50 3 0
gitee.com/com_818cloud/shode/pkg/stdlib/stdlib.go:1145.50,1147.12 1 0
gitee.com/com_818cloud/shode/pkg/stdlib/stdlib.go:1149.11,1150.76 2 0
gitee.com/com_818cloud/shode/pkg/stdlib/stdlib.go:1150.76,1152.40 2 0
gitee.com/com_818cloud/shode/pkg/stdlib/stdlib.go:1152.40,1156.13 3 0
gitee.com/com_818cloud/shode/pkg/stdlib/stdlib.go:1166.5,1167.36 2 0
gitee.com/com_818cloud/shode/pkg/stdlib/stdlib.go:1167.36,1172.6 4 0
gitee.com/com_818cloud/shode/pkg/stdlib/stdlib.go:1172.11,1174.6 1 0
gitee.com/com_818cloud/shode/pkg/stdlib/stdlib.go:1176.5,1177.35 2 0
gitee.com/com_818cloud/shode/pkg/stdlib/stdlib.go:1177.35,1182.6 4 0
gitee.com/com_818cloud/shode/pkg/stdlib/stdlib.go:1182.11,1184.6 1 0
gitee.com/com_818cloud/shode/pkg/stdlib/stdlib.go:1185.10,1185.54 1 0
gitee.com/com_818cloud/shode/pkg/stdlib/stdlib.go:1185.54,1189.5 2 0
gitee.com/com_818cloud/shode/pkg/stdlib/stdlib.go:1189.10,1191.32 1 0
gitee.com/com_818cloud/shode/pkg/stdlib/stdlib.go:1191.32,1193.32 2 0
gitee.com/com_818cloud/shode/pkg/stdlib/stdlib.go:1193.32,1197.21 3 0
gitee.com/com_818cloud/shode/pkg/stdlib/stdlib.go:1197.21,1202.35 3 0
gitee.com/com_818cloud/shode/pkg/stdlib/stdlib.go:1202.35,1208.53 5 0
gitee.com/com_818cloud/shode/pkg/stdlib/stdlib.go:1208.53,1211.49 3 0
gitee.com/com_818cloud/shode/pkg/stdlib/stdlib.go:1211.49,1213.11 1 0
gitee.com/com_818cloud/shode/pkg/stdlib/stdlib.go:1215.10,1216.75 2 0
gitee.com/com_818cloud/shode/pkg/stdlib/stdlib.go:1216.75,1218.27 2 0
gitee.com/com_818cloud/shode/pkg/stdlib/stdlib.go:1218.27,1220.43 2 0
gitee.com/com_818cloud/shode/pkg/stdlib/stdlib.go:1220.43,1222.13 1 0
gitee.com/com_818cloud/shode/pkg/stdlib/stdlib.go:1223.12,1223.42 1 0
gitee.com/com_818cloud/shode/pkg/stdlib/stdlib.go:1223.42,1225.13 1 0
gitee.com/com_818cloud/shode/pkg/stdlib/stdlib.go:1226.12,1226.39 1 0
gitee.com/com_818cloud/shode/pkg/stdlib/stdlib.go:1236.5,1237.36 2 0
gitee.com/com_818cloud/shode/pkg/stdlib/stdlib.go:1237.36,1242.6 4 0
gitee.com/com_818cloud/shode/pkg/stdlib/stdlib.go:1242.11,1244.6 1 0
gitee.com/com_818cloud/shode/pkg/stdlib/stdlib.go:1246.5,1247.35 2 0
gitee.com/com_818cloud/shode/pkg/stdlib/stdlib.go:1247.35,1252.6 4 0
gitee.com/com_818cloud/shode/pkg/stdlib/stdlib.go:1252.11,1254.6 1 0
gitee.com/com_818cloud/shode/pkg/stdlib/stdlib.go:1258.4,1265.30 6 0
gitee.com/com_818cloud/shode/pkg/stdlib/stdlib.go:1265.30,1267.5 1 0
gitee.com/com_818cloud/shode/pkg/stdlib/stdlib.go:1268.4,1268.25 1 0
gitee.com/com_818cloud/shode/pkg/stdlib/stdlib.go:1268.25,1270.5 1 0
gitee.com/com_818cloud/shode/pkg/stdlib/stdlib.go:1272.4,1273.18 2 0
gitee.com/com_818cloud/shode/pkg/stdlib/stdlib.go:1273.18,1275.5 1 0
gitee.com/com_818cloud/shode/pkg/stdlib/stdlib.go:1275.10,1278.5 1 0
gitee.com/com_818cloud/shode/pkg/stdlib/stdlib.go:1282.2,1282.12 1 0
gitee.com/com_818cloud/shode/pkg/stdlib/stdlib.go:1287.69,1289.2 1 0
gitee.com/com_818cloud/shode/pkg/stdlib/stdlib.go:1293.145,1295.2 1 0
gitee.com/com_818cloud/shode/pkg/stdlib/stdlib.go:1298.151,1302.26 3 0
gitee.com/com_818cloud/shode/pkg/stdlib/stdlib.go:1302.26,1304.3 1 0
gitee.com/com_818cloud/shode/pkg/stdlib/stdlib.go:1307.2,1308.18 2 0
gitee.com/com_818cloud/shode/pkg/stdlib/stdlib.go:1308.18,1310.3 1 0
gitee.com/com_818cloud/shode/pkg/stdlib/stdlib.go:1313.2,1323.16 6 0
gitee.com/com_818cloud/shode/pkg/stdlib/stdlib.go:1323.16,1325.3 1 0
gitee.com/com_818cloud/shode/pkg/stdlib/stdlib.go:1328.2,1329.47 2 0
gitee.com/com_818cloud/shode/pkg/stdlib/stdlib.go:1329.47,1331.35 2 0
gitee.com/com_818cloud/shode/pkg/stdlib/stdlib.go:1331.35,1333.4 1 0
gitee.com/com_818cloud/shode/pkg/stdlib/stdlib.go:1334.8,1337.3 1 0
gitee.com/com_818cloud/shode/pkg/stdlib/stdlib.go:1340.2,1341.57 2 0
gitee.com/com_818cloud/shode/pkg/stdlib/stdlib.go:1341.57,1343.3 1 0
gitee.com/com_818cloud/shode/pkg/stdlib/stdlib.go:1346.2,1347.47 2 0
gitee.com/com_818cloud/shode/pkg/stdlib/stdlib.go:1347.47,1349.3 1 0
gitee.com/com_818cloud/shode/pkg/stdlib/stdlib.go:1352.2,1371.35 3 0
gitee.com/com_818cloud/shode/pkg/stdlib/stdlib.go:1371.35,1373.3 1 0
gitee.com/com_818cloud/shode/pkg/stdlib/stdlib.go:1376.2,1376.42 1 0
gitee.com/com_818cloud/shode/pkg/stdlib/stdlib.go:1376.42,1379.83 2 0
gitee.com/com_818cloud/shode/pkg/stdlib/stdlib.go:1379.83,1390.17 5 0
gitee.com/com_818cloud/shode/pkg/stdlib/stdlib.go:1390.17,1393.5 2 0
gitee.com/com_818cloud/shode/pkg/stdlib/stdlib.go:1396.4,1404.19 6 0
gitee.com/com_818cloud/shode/pkg/stdlib/stdlib.go:1404.19,1406.5 1 0
gitee.com/com_818cloud/shode/pkg/stdlib/stdlib.go:1406.10,1406.29 1 0
gitee.com/com_818cloud/shode/pkg/stdlib/stdlib.go:1406.29,1408.5 1 0
gitee.com/com_818cloud/shode/pkg/stdlib/stdlib.go:1410.4,1410.30 1 0
gitee.com/com_818cloud/shode/pkg/stdlib/stdlib.go:1410.30,1413.60 2 0
gitee.com/com_818cloud/shode/pkg/stdlib/stdlib.go:1413.60,1414.47 1 0
gitee.com/com_818cloud/shode/pkg/stdlib/stdlib.go:1414.47,1416.12 2 0
gitee.com/com_818cloud/shode/pkg/stdlib/stdlib.go:1419.5,1419.28 1 0
gitee.com/com_818cloud/shode/pkg/stdlib/stdlib.go:1419.28,1422.61 2 0
gitee.com/com_818cloud/shode/pkg/stdlib/stdlib.go:1422.61,1423.84 1 0
gitee.com/com_818cloud/shode/pkg/stdlib/stdlib.go:1423.84,1426.8 2 0
gitee.com/com_818cloud/shode/pkg/stdlib/stdlib.go:1429.6,1430.12 2 0
gitee.com/com_818cloud/shode/pkg/stdlib/stdlib.go:1432.5,1434.11 3 0
gitee.com/com_818cloud/shode/pkg/stdlib/stdlib.go:1438.4,1443.17 5 0
gitee.com/com_818cloud/shode/pkg/stdlib/stdlib.go:1443.17,1446.5 2 0
gitee.com/com_818cloud/shode/pkg/stdlib/stdlib.go:1449.4,1449.49 1 0
gitee.com/com_818cloud/shode/pkg/stdlib/stdlib.go:1449.49,1451.32 1 0
gitee.com/com_818cloud/shode/pkg/stdlib/stdlib.go:1451.32,1453.32 2 0
gitee.com/com_818cloud/shode/pkg/stdlib/stdlib.go:1453.32,1458.41 3 0
gitee.com/com_818cloud/shode/pkg/stdlib/stdlib.go:1458.41,1483.52 10 0
gitee.com/com_818cloud/shode/pkg/stdlib/stdlib.go:1483.52,1490.9 5 0
gitee.com/com_818cloud/shode/pkg/stdlib/stdlib.go:1490.14,1504.35 6 0
gitee.com/com_818cloud/shode/pkg/stdlib/stdlib.go:1504.35,1505.54 1 0
gitee.com/com_818cloud/shode/pkg/stdlib/stdlib.go:1505.54,1508.50 3 0
gitee.com/com_818cloud/shode/pkg/stdlib/stdlib.go:1508.50,1510.12 1 0
gitee.com/com_818cloud/shode/pkg/stdlib/stdlib.go:1512.11,1513.76 2 0
gitee.com/com_818cloud/shode/pkg/stdlib/stdlib.go:1513.76,1515.40 2 0
gitee.com/com_818cloud/shode/pkg/stdlib/stdlib.go:1515.40,1519.13 3 0
gitee.com/com_818cloud/shode/pkg/stdlib/stdlib.go:1529.5,1530.36 2 0
gitee.com/com_818cloud/shode/pkg/stdlib/stdlib.go:1530.36,1535.6 4 0
gitee.com/com_818cloud/shode/pkg/stdlib/stdlib.go:1535.11,1537.6 1 0
gitee.com/com_818cloud/shode/pkg/stdlib/stdlib.go:1539.5,1540.35 2 0
gitee.com/com_818cloud/shode/pkg/stdlib/stdlib.go:1540.35,1545.6 4 0
gitee.com/com_818cloud/shode/pkg/stdlib/stdlib.go:1545.11,1547.6 1 0
gitee.com/com_818cloud/shode/pkg/stdlib/stdlib.go:1548.10,1548.54 1 0
gitee.com/com_818cloud/shode/pkg/stdlib/stdlib.go:1548.54,1552.5 2 0
gitee.com/com_818cloud/shode/pkg/stdlib/stdlib.go:1552.10,1554.32 1 0
gitee.com/com_818cloud/shode/pkg/stdlib/stdlib.go:1554.32,1556.32 2 0
gitee.com/com_818cloud/shode/pkg/stdlib/stdlib.go:1556.32,1560.21 3 0
gitee.com/com_818cloud/shode/pkg/stdlib/stdlib.go:1560.21,1565.35 3 0
gitee.com/com_818cloud/shode/pkg/stdlib/stdlib.go:1565.35,1571.53 5 0
gitee.com/com_818cloud/shode/pkg/stdlib/stdlib.go:1571.53,1574.49 3 0
gitee.com/com_818cloud/shode/pkg/stdlib/stdlib.go:1574.49,1576.11 1 0
gitee.com/com_818cloud/shode/pkg/stdlib/stdlib.go:1578.10,1579.75 2 0
gitee.com/com_818cloud/shode/pkg/stdlib/stdlib.go:1579.75,1581.27 2 0
gitee.com/com_818cloud/shode/pkg/stdlib/stdlib.go:1581.27,1583.43 2 0
gitee.com/com_818cloud/shode/pkg/stdlib/stdlib.go:1583.43,1585.13 1 0
gitee.com/com_818cloud/shode/pkg/stdlib/stdlib.go:1586.12,1586.42 1 0
gitee.com/com_818cloud/shode/pkg/stdlib/stdlib.go:1586.42,1588.13 1 0
gitee.com/com_818cloud/shode/pkg/stdlib/stdlib.go:1589.12,1589.39 1 0
gitee.com/com_818cloud/shode/pkg/stdlib/stdlib.go:1599.5,1600.36 2 0
gitee.com/com_818cloud/shode/pkg/stdlib/stdlib.go:1600.36,1605.6 4 0
gitee.com/com_818cloud/shode/pkg/stdlib/stdlib.go:1605.11,1607.6 1 0
gitee.com/com_818cloud/shode/pkg/stdlib/stdlib.go:1609.5,1610.35 2 0
gitee.com/com_818cloud/shode/pkg/stdlib/stdlib.go:1610.35,1615.6 4 0
gitee.com/com_818cloud/shode/pkg/stdlib/stdlib.go:1615.11,1617.6 1 0
gitee.com/com_818cloud/shode/pkg/stdlib/stdlib.go:1621.4,1628.30 6 0
gitee.com/com_818cloud/shode/pkg/stdlib/stdlib.go:1628.30,1630.5 1 0
gitee.com/com_818cloud/shode/pkg/stdlib/stdlib.go:1631.4,1631.25 1 0
gitee.com/com_818cloud/shode/pkg/stdlib/stdlib.go:1631.25,1633.5 1 0
gitee.com/com_818cloud/shode/pkg/stdlib/stdlib.go:1635.4,1636.18 2 0
gitee.com/com_818cloud/shode/pkg/stdlib/stdlib.go:1636.18,1638.5 1 0
gitee.com/com_818cloud/shode/pkg/stdlib/stdlib.go:1638.10,1641.5 1 0
gitee.com/com_818cloud/shode/pkg/stdlib/stdlib.go:1645.2,1645.12 1 0
gitee.com/com_818cloud/shode/pkg/stdlib/stdlib.go:1650.74,1654.26 3 0
gitee.com/com_818cloud/shode/pkg/stdlib/stdlib.go:1654.26,1656.3 1 0
gitee.com/com_818cloud/shode/pkg/stdlib/stdlib.go:1658.2,1662.82 3 0
gitee.com/com_818cloud/shode/pkg/stdlib/stdlib.go:1662.82,1672.3 7 0
gitee.com/com_818cloud/shode/pkg/stdlib/stdlib.go:1674.2,1674.12 1 0
gitee.com/com_818cloud/shode/pkg/stdlib/stdlib.go:1678.42,1682.26 3 0
gitee.com/com_818cloud/shode/pkg/stdlib/stdlib.go:1682.26,1684.3 1 0
gitee.com/com_818cloud/shode/pkg/stdlib/stdlib.go:1686.2,1691.14 5 0
gitee.com/com_818cloud/shode/pkg/stdlib/stdlib.go:1691.14,1693.3 1 0
gitee.com/com_818cloud/shode/pkg/stdlib/stdlib.go:1696.2,1699.45 3 0
gitee.com/com_818cloud/shode/pkg/stdlib/stdlib.go:1699.45,1703.3 2 0
gitee.com/com_818cloud/shode/pkg/stdlib/stdlib.go:1705.2,1709.12 4 0
gitee.com/com_818cloud/shode/pkg/stdlib/stdlib.go:1713.46,1717.26 3 0
gitee.com/com_818cloud/shode/pkg/stdlib/stdlib.go:1717.26,1720.3 1 0
gitee.com/com_818cloud/shode/pkg/stdlib/stdlib.go:1722.2,1727.16 4 0
gitee.com/com_818cloud/shode/pkg/stdlib/stdlib.go:1731.77,1739.34 5 0
gitee.com/com_818cloud/shode/pkg/stdlib/stdlib.go:1739.34,1740.17 1 0
gitee.com/com_818cloud/shode/pkg/stdlib/stdlib.go:1740.17,1742.4 1 0
gitee.com/com_818cloud/shode/pkg/stdlib/stdlib.go:1745.2,1745.45 1 0
gitee.com/com_818cloud/shode/pkg/stdlib/stdlib.go:1745.45,1748.30 2 0
gitee.com/com_818cloud/shode/pkg/stdlib/stdlib.go:1748.30,1749.48 1 0
gitee.com/com_818cloud/shode/pkg/stdlib/stdlib.go:1749.48,1753.61 3 0
gitee.com/com_818cloud/shode/pkg/stdlib/stdlib.go:1753.61,1755.6 1 0
gitee.com/com_818cloud/shode/pkg/stdlib/stdlib.go:1756.5,1756.29 1 0
gitee.com/com_818cloud/shode/pkg/stdlib/stdlib.go:1762.2,1763.29 2 0
gitee.com/com_818cloud/shode/pkg/stdlib/stdlib.go:1763.29,1764.17 1 0
gitee.com/com_818cloud/shode/pkg/stdlib/stdlib.go:1764.17,1766.4 1 0
gitee.com/com_818cloud/shode/pkg/stdlib/stdlib.go:1769.2,1780.3 1 0
gitee.com/com_818cloud/shode/pkg/stdlib/stdlib.go:1784.66,1786.55 1 0
gitee.com/com_818cloud/shode/pkg/stdlib/stdlib.go:1786.55,1787.51 1 0
gitee.com/com_818cloud/shode/pkg/stdlib/stdlib.go:1787.51,1789.4 1 0
gitee.com/com_818cloud/shode/pkg/stdlib/stdlib.go:1793.2,1794.61 2 0
gitee.com/com_818cloud/shode/pkg/stdlib/stdlib.go:1794.61,1796.60 1 0
gitee.com/com_818cloud/shode/pkg/stdlib/stdlib.go:1796.60,1798.4 1 0
gitee.com/com_818cloud/shode/pkg/stdlib/stdlib.go:1799.3,1799.49 1 0
gitee.com/com_818cloud/shode/pkg/stdlib/stdlib.go:1799.49,1802.4 2 0
gitee.com/com_818cloud/shode/pkg/stdlib/stdlib.go:1803.3,1803.14 1 0
gitee.com/com_818cloud/shode/pkg/stdlib/stdlib.go:1805.2,1805.17 1 0
gitee.com/com_818cloud/shode/pkg/stdlib/stdlib.go:1809.42,1811.16 2 0
gitee.com/com_818cloud/shode/pkg/stdlib/stdlib.go:1811.16,1813.3 1 0
gitee.com/com_818cloud/shode/pkg/stdlib/stdlib.go:1814.2,1816.19 3 0
gitee.com/com_818cloud/shode/pkg/stdlib/stdlib.go:1820.40,1822.16 2 0
gitee.com/com_818cloud/shode/pkg/stdlib/stdlib.go:1822.16,1824.3 1 0
gitee.com/com_818cloud/shode/pkg/stdlib/stdlib.go:1825.2,1827.17 3 0
gitee.com/com_818cloud/shode/pkg/stdlib/stdlib.go:1831.51,1833.16 2 0
gitee.com/com_818cloud/shode/pkg/stdlib/stdlib.go:1833.16,1836.65 2 0
gitee.com/com_818cloud/shode/pkg/stdlib/stdlib.go:1836.65,1837.54 1 0
gitee.com/com_818cloud/shode/pkg/stdlib/stdlib.go:1837.54,1840.5 2 0
gitee.com/com_818cloud/shode/pkg/stdlib/stdlib.go:1841.4,1841.15 1 0
gitee.com/com_818cloud/shode/pkg/stdlib/stdlib.go:1843.3,1843.22 1 0
gitee.com/com_818cloud/shode/pkg/stdlib/stdlib.go:1843.22,1847.37 3 0
gitee.com/com_818cloud/shode/pkg/stdlib/stdlib.go:1847.38,1848.5 0 0
gitee.com/com_818cloud/shode/pkg/stdlib/stdlib.go:1849.4,1849.36 1 0
gitee.com/com_818cloud/shode/pkg/stdlib/stdlib.go:1851.3,1851.12 1 0
gitee.com/com_818cloud/shode/pkg/stdlib/stdlib.go:1853.2,1856.30 3 0
gitee.com/com_818cloud/shode/pkg/stdlib/stdlib.go:1856.31,1857.3 0 0
gitee.com/com_818cloud/shode/pkg/stdlib/stdlib.go:1858.2,1859.15 2 0
gitee.com/com_818cloud/shode/pkg/stdlib/stdlib.go:1863.53,1865.16 2 0
gitee.com/com_818cloud/shode/pkg/stdlib/stdlib.go:1865.16,1867.3 1 0
gitee.com/com_818cloud/shode/pkg/stdlib/stdlib.go:1868.2,1870.26 3 0
gitee.com/com_818cloud/shode/pkg/stdlib/stdlib.go:1874.40,1876.16 2 0
gitee.com/com_818cloud/shode/pkg/stdlib/stdlib.go:1876.16,1878.3 1 0
gitee.com/com_818cloud/shode/pkg/stdlib/stdlib.go:1879.2,1881.17 3 0
gitee.com/com_818cloud/shode/pkg/stdlib/stdlib.go:1885.60,1887.16 2 0
gitee.com/com_818cloud/shode/pkg/stdlib/stdlib.go:1887.16,1890.62 2 0
gitee.com/com_818cloud/shode/pkg/stdlib/stdlib.go:1890.62,1891.54 1 0
gitee.com/com_818cloud/shode/pkg/stdlib/stdlib.go:1891.54,1894.5 2 0
gitee.com/com_818cloud/shode/pkg/stdlib/stdlib.go:1895.4,1895.15 1 0
gitee.com/com_818cloud/shode/pkg/stdlib/stdlib.go:1897.3,1897.22 1 0
gitee.com/com_818cloud/shode/pkg/stdlib/stdlib.go:1897.22,1902.4 4 0
gitee.com/com_818cloud/shode/pkg/stdlib/stdlib.go:1902.10,1903.4 0 0
gitee.com/com_818cloud/shode/pkg/stdlib/stdlib.go:1904.3,1904.9 1 0
gitee.com/com_818cloud/shode/pkg/stdlib/stdlib.go:1906.2,1909.26 4 0
gitee.com/com_818cloud/shode/pkg/stdlib/stdlib.go:1913.53,1915.16 2 0
gitee.com/com_818cloud/shode/pkg/stdlib/stdlib.go:1915.16,1917.3 1 0
gitee.com/com_818cloud/shode/pkg/stdlib/stdlib.go:1918.2,1920.33 3 0
gitee.com/com_818cloud/shode/pkg/stdlib/stdlib.go:1920.33,1922.3 1 0
gitee.com/com_818cloud/shode/pkg/stdlib/stdlib.go:1923.2,1923.36 1 0
gitee.com/com_818cloud/shode/pkg/stdlib/stdlib.go:1929.63,1931.2 1 1
gitee.com/com_818cloud/shode/pkg/stdlib/stdlib.go:1934.55,1936.2 1 1
gitee.com/com_818cloud/shode/pkg/stdlib/stdlib.go:1939.43,1941.2 1 1
gitee.com/com_818cloud/shode/pkg/stdlib/stdlib.go:1944.32,1946.2 1 0
gitee.com/com_818cloud/shode/pkg/stdlib/stdlib.go:1949.48,1951.2 1 1
gitee.com/com_818cloud/shode/pkg/stdlib/stdlib.go:1954.47,1956.2 1 0
gitee.com/com_818cloud/shode/pkg/stdlib/stdlib.go:1959.78,1961.2 1 0
gitee.com/com_818cloud/shode/pkg/stdlib/stdlib.go:1964.57,1966.2 1 0
gitee.com/com_818cloud/shode/pkg/stdlib/stdlib.go:1971.55,1974.2 1 0
gitee.com/com_818cloud/shode/pkg/stdlib/stdlib.go:1977.35,1980.2 1 0
gitee.com/com_818cloud/shode/pkg/stdlib/stdlib.go:1983.40,1986.2 1 0
gitee.com/com_818cloud/shode/pkg/stdlib/stdlib.go:1989.74,1992.27 2 0
gitee.com/com_818cloud/shode/pkg/stdlib/stdlib.go:1992.27,1994.3 1 0
gitee.com/com_818cloud/shode/pkg/stdlib/stdlib.go:1995.2,1995.83 1 0
gitee.com/com_818cloud/shode/pkg/stdlib/stdlib.go:1999.90,2002.2 1 0
gitee.com/com_818cloud/shode/pkg/stdlib/stdlib.go:2005.74,2007.27 2 0
gitee.com/com_818cloud/shode/pkg/stdlib/stdlib.go:2007.27,2009.3 1 0
gitee.com/com_818cloud/shode/pkg/stdlib/stdlib.go:2010.2,2010.85 1 0
gitee.com/com_818cloud/shode/pkg/stdlib/stdlib.go:2014.52,2017.2 1 0
gitee.com/com_818cloud/shode/pkg/stdlib/stdlib.go:2021.64,2023.2 1 0
gitee.com/com_818cloud/shode/pkg/stdlib/stdlib.go:2026.66,2030.26 3 0
gitee.com/com_818cloud/shode/pkg/stdlib/stdlib.go:2030.26,2032.3 1 0
gitee.com/com_818cloud/shode/pkg/stdlib/stdlib.go:2034.2,2037.12 4 0
gitee.com/com_818cloud/shode/pkg/stdlib/stdlib.go:2041.38,2045.26 3 0
gitee.com/com_818cloud/shode/pkg/stdlib/stdlib.go:2045.26,2049.3 3 0
gitee.com/com_818cloud/shode/pkg/stdlib/stdlib.go:2053.50,2056.2 2 1
gitee.com/com_818cloud/shode/pkg/stdlib/stdlib.go:2062.59,2066.2 1 0
gitee.com/com_818cloud/shode/pkg/stdlib/stdlib.go:2072.52,2076.26 3 0
gitee.com/com_818cloud/shode/pkg/stdlib/stdlib.go:2076.26,2078.3 1 0
gitee.com/com_818cloud/shode/pkg/stdlib/stdlib.go:2081.2,2082.14 2 0
gitee.com/com_818cloud/shode/pkg/stdlib/stdlib.go:2083.14,2084.51 1 0
gitee.com/com_818cloud/shode/pkg/stdlib/stdlib.go:2085.20,2086.50 1 0
gitee.com/com_818cloud/shode/pkg/stdlib/stdlib.go:2087.17,2088.41 1 0
gitee.com/com_818cloud/shode/pkg/stdlib/stdlib.go:2089.18,2090.42 1 0
gitee.com/com_818cloud/shode/pkg/stdlib/stdlib.go:2091.20,2092.43 1 0
gitee.com/com_818cloud/shode/pkg/stdlib/stdlib.go:2093.10,2094.52 1 0
gitee.com/com_818cloud/shode/pkg/stdlib/stdlib.go:2097.2,2098.12 2 0
gitee.com/com_818cloud/shode/pkg/stdlib/stdlib.go:2102.46,2104.2 1 0
gitee.com/com_818cloud/shode/pkg/stdlib/stdlib.go:2107.55,2111.26 3 0
gitee.com/com_818cloud/shode/pkg/stdlib/stdlib.go:2111.26,2113.3 1 0
gitee.com/com_818cloud/shode/pkg/stdlib/stdlib.go:2116.2,2117.12 2 0
gitee.com/com_818cloud/shode/pkg/stdlib/stdlib.go:2121.50,2125.26 3 0
gitee.com/com_818cloud/shode/pkg/stdlib/stdlib.go:2125.26,2127.3 1 0
gitee.com/com_818cloud/shode/pkg/stdlib/stdlib.go:2129.2,2130.12 2 0
gitee.com/com_818cloud/shode/pkg/stdlib/system.go:20.67,22.18 2 0
gitee.com/com_818cloud/shode/pkg/stdlib/system.go:22.18,24.3 1 0
gitee.com/com_818cloud/shode/pkg/stdlib/system.go:26.2,27.16 2 0
gitee.com/com_818cloud/shode/pkg/stdlib/system.go:27.16,29.3 1 0
gitee.com/com_818cloud/shode/pkg/stdlib/system.go:31.2,34.29 3 0
gitee.com/com_818cloud/shode/pkg/stdlib/system.go:34.29,35.46 1 0
gitee.com/com_818cloud/shode/pkg/stdlib/system.go:35.46,36.12 1 0
gitee.com/com_818cloud/shode/pkg/stdlib/system.go:39.3,40.23 2 0
gitee.com/com_818cloud/shode/pkg/stdlib/system.go:40.23,41.12 1 0
gitee.com/com_818cloud/shode/pkg/stdlib/system.go:44.3,45.17 2 0
gitee.com/com_818cloud/shode/pkg/stdlib/system.go:45.17,46.12 1 0
gitee.com/com_818cloud/shode/pkg/stdlib/system.go:49.3,60.41 4 0
gitee.com/com_818cloud/shode/pkg/stdlib/system.go:63.2,63.23 1 0
gitee.com/com_818cloud/shode/pkg/stdlib/system.go:67.61,69.18 2 0
gitee.com/com_818cloud/shode/pkg/stdlib/system.go:69.18,71.3 1 0
gitee.com/com_818cloud/shode/pkg/stdlib/system.go:73.2,75.16 3 0
gitee.com/com_818cloud/shode/pkg/stdlib/system.go:75.16,77.3 1 0
gitee.com/com_818cloud/shode/pkg/stdlib/system.go:79.2,79.12 1 0
gitee.com/com_818cloud/shode/pkg/stdlib/system.go:83.71,85.18 2 0
gitee.com/com_818cloud/shode/pkg/stdlib/system.go:85.18,87.3 1 0
gitee.com/com_818cloud/shode/pkg/stdlib/system.go:89.2,91.16 3 0
gitee.com/com_818cloud/shode/pkg/stdlib/system.go:91.16,93.3 1 0
gitee.com/com_818cloud/shode/pkg/stdlib/system.go:95.2,95.12 1 0
gitee.com/com_818cloud/shode/pkg/stdlib/system.go:99.74,102.16 3 0
gitee.com/com_818cloud/shode/pkg/stdlib/system.go:102.16,104.3 1 0
gitee.com/com_818cloud/shode/pkg/stdlib/system.go:106.2,107.20 2 0
gitee.com/com_818cloud/shode/pkg/stdlib/system.go:107.20,109.3 1 0
gitee.com/com_818cloud/shode/pkg/stdlib/system.go:111.2,112.21 2 0
gitee.com/com_818cloud/shode/pkg/stdlib/system.go:112.21,114.3 1 0
gitee.com/com_818cloud/shode/pkg/stdlib/system.go:116.2,123.8 1 0
gitee.com/com_818cloud/shode/pkg/stdlib/system.go:127.56,130.16 3 0
gitee.com/com_818cloud/shode/pkg/stdlib/system.go:130.16,132.3 1 0
gitee.com/com_818cloud/shode/pkg/stdlib/system.go:134.2,135.22 2 0
gitee.com/com_818cloud/shode/pkg/stdlib/system.go:135.22,137.3 1 0
gitee.com/com_818cloud/shode/pkg/stdlib/system.go:139.2,139.47 1 0
gitee.com/com_818cloud/shode/pkg/stdlib/system.go:143.51,146.16 3 0
gitee.com/com_818cloud/shode/pkg/stdlib/system.go:146.16,148.3 1 0
gitee.com/com_818cloud/shode/pkg/stdlib/system.go:150.2,150.12 1 0
gitee.com/com_818cloud/shode/pkg/stdlib/system.go:154.50,157.16 3 0
gitee.com/com_818cloud/shode/pkg/stdlib/system.go:157.16,159.3 1 0
gitee.com/com_818cloud/shode/pkg/stdlib/system.go:161.2,161.12 1 0
gitee.com/com_818cloud/shode/pkg/stdlib/system.go:165.53,168.16 3 0
gitee.com/com_818cloud/shode/pkg/stdlib/system.go:168.16,170.3 1 0
gitee.com/com_818cloud/shode/pkg/stdlib/system.go:172.2,172.12 1 0
gitee.com/com_818cloud/shode/pkg/stdlib/system.go:176.62,179.16 3 0
gitee.com/com_818cloud/shode/pkg/stdlib/system.go:179.16,181.3 1 0
gitee.com/com_818cloud/shode/pkg/stdlib/system.go:183.2,183.47 1 0
gitee.com/com_818cloud/shode/pkg/stdlib/system.go:187.61,190.16 3 0
gitee.com/com_818cloud/shode/pkg/stdlib/system.go:190.16,192.3 1 0
gitee.com/com_818cloud/shode/pkg/stdlib/system.go:194.2,195.33 2 0
gitee.com/com_818cloud/shode/pkg/stdlib/system.go:199.62,202.16 3 0
gitee.com/com_818cloud/shode/pkg/stdlib/system.go:202.16,204.3 1 0
gitee.com/com_818cloud/shode/pkg/stdlib/system.go:206.2,208.8 1 0
gitee.com/com_818cloud/shode/pkg/stdlib/system.go:212.49,215.16 3 0
gitee.com/com_818cloud/shode/pkg/stdlib/system.go:215.16,217.3 1 0
gitee.com/com_818cloud/shode/pkg/stdlib/system.go:219.2,219.47 1 0
gitee.com/com_818cloud/shode/pkg/stdlib/system.go:223.52,226.16 3 0
gitee.com/com_818cloud/shode/pkg/stdlib/system.go:226.16,228.3 1 0
gitee.com/com_818cloud/shode/pkg/stdlib/system.go:230.2,230.47 1 0
gitee.com/com_818cloud/shode/pkg/stdlib/system.go:234.47,237.16 3 0
gitee.com/com_818cloud/shode/pkg/stdlib/system.go:237.16,239.3 1 0
gitee.com/com_818cloud/shode/pkg/stdlib/system.go:241.2,241.47 1 0
gitee.com/com_818cloud/shode/pkg/stdlib/system.go:245.68,248.16 3 0
gitee.com/com_818cloud/shode/pkg/stdlib/system.go:248.16,250.3 1 0
gitee.com/com_818cloud/shode/pkg/stdlib/system.go:252.2,253.20 2 0
gitee.com/com_818cloud/shode/pkg/stdlib/system.go:253.20,255.3 1 0
gitee.com/com_818cloud/shode/pkg/stdlib/system.go:257.2,258.22 2 0
gitee.com/com_818cloud/shode/pkg/stdlib/system.go:258.22,268.3 4 0
gitee.com/com_818cloud/shode/pkg/stdlib/system.go:270.2,270.50 1 0
gitee.com/com_818cloud/shode/pkg/stdlib/template.go:18.42,22.2 1 0
gitee.com/com_818cloud/shode/pkg/stdlib/template.go:30.56,34.2 1 0
gitee.com/com_818cloud/shode/pkg/stdlib/template.go:37.78,44.32 4 0
gitee.com/com_818cloud/shode/pkg/stdlib/template.go:44.32,45.21 1 0
gitee.com/com_818cloud/shode/pkg/stdlib/template.go:45.21,49.42 2 0
gitee.com/com_818cloud/shode/pkg/stdlib/template.go:49.42,55.13 5 0
gitee.com/com_818cloud/shode/pkg/stdlib/template.go:59.4,59.44 1 0
gitee.com/com_818cloud/shode/pkg/stdlib/template.go:59.44,64.13 5 0
gitee.com/com_818cloud/shode/pkg/stdlib/template.go:68.4,70.63 3 0
gitee.com/com_818cloud/shode/pkg/stdlib/template.go:74.2,74.20 1 0
gitee.com/com_818cloud/shode/pkg/stdlib/template.go:78.95,83.29 3 0
gitee.com/com_818cloud/shode/pkg/stdlib/template.go:83.29,84.58 1 0
gitee.com/com_818cloud/shode/pkg/stdlib/template.go:84.58,86.4 1 0
gitee.com/com_818cloud/shode/pkg/stdlib/template.go:86.9,88.4 1 0
gitee.com/com_818cloud/shode/pkg/stdlib/template.go:91.2,91.20 1 0
gitee.com/com_818cloud/shode/pkg/stdlib/template.go:91.20,93.3 1 0
gitee.com/com_818cloud/shode/pkg/stdlib/template.go:94.2,94.16 1 0
gitee.com/com_818cloud/shode/pkg/stdlib/template.go:98.106,103.27 3 0
gitee.com/com_818cloud/shode/pkg/stdlib/template.go:104.12,105.13 1 0
gitee.com/com_818cloud/shode/pkg/stdlib/template.go:106.14,108.47 1 0
gitee.com/com_818cloud/shode/pkg/stdlib/template.go:109.27,110.18 1 0
gitee.com/com_818cloud/shode/pkg/stdlib/template.go:111.21,112.22 1 0
gitee.com/com_818cloud/shode/pkg/stdlib/template.go:113.30,114.22 1 0
gitee.com/com_818cloud/shode/pkg/stdlib/template.go:115.10,116.24 1 0
gitee.com/com_818cloud/shode/pkg/stdlib/template.go:120.2,123.22 3 0
gitee.com/com_818cloud/shode/pkg/stdlib/template.go:123.22,124.13 1 0
gitee.com/com_818cloud/shode/pkg/stdlib/template.go:124.13,127.4 1 0
gitee.com/com_818cloud/shode/pkg/stdlib/template.go:127.9,130.4 1 0
gitee.com/com_818cloud/shode/pkg/stdlib/template.go:133.2,133.16 1 0
gitee.com/com_818cloud/shode/pkg/stdlib/template.go:137.106,141.27 3 0
gitee.com/com_818cloud/shode/pkg/stdlib/template.go:142.21,143.12 1 0
gitee.com/com_818cloud/shode/pkg/stdlib/template.go:144.32,145.26 1 0
gitee.com/com_818cloud/shode/pkg/stdlib/template.go:145.26,147.4 1 0
gitee.com/com_818cloud/shode/pkg/stdlib/template.go:148.10,151.51 2 0
gitee.com/com_818cloud/shode/pkg/stdlib/template.go:155.2,158.22 3 0
gitee.com/com_818cloud/shode/pkg/stdlib/template.go:158.22,162.30 3 0
gitee.com/com_818cloud/shode/pkg/stdlib/template.go:162.30,165.56 2 0
gitee.com/com_818cloud/shode/pkg/stdlib/template.go:165.56,166.31 1 0
gitee.com/com_818cloud/shode/pkg/stdlib/template.go:166.31,168.6 1 0
gitee.com/com_818cloud/shode/pkg/stdlib/template.go:169.10,171.31 2 0
gitee.com/com_818cloud/shode/pkg/stdlib/template.go:171.31,173.6 1 0
gitee.com/com_818cloud/shode/pkg/stdlib/template.go:175.4,181.18 5 0
gitee.com/com_818cloud/shode/pkg/stdlib/template.go:181.18,183.5 1 0
gitee.com/com_818cloud/shode/pkg/stdlib/template.go:186.3,186.64 1 0
gitee.com/com_818cloud/shode/pkg/stdlib/template.go:189.2,189.16 1 0
gitee.com/com_818cloud/shode/pkg/stdlib/template.go:193.104,196.16 2 0
gitee.com/com_818cloud/shode/pkg/stdlib/template.go:196.16,198.3 1 0
gitee.com/com_818cloud/shode/pkg/stdlib/template.go:201.2,203.16 3 0
gitee.com/com_818cloud/shode/pkg/stdlib/template.go:203.16,205.3 1 0
gitee.com/com_818cloud/shode/pkg/stdlib/template.go:207.2,207.20 1 0
gitee.com/com_818cloud/shode/pkg/stdlib/template.go:211.109,214.16 3 0
gitee.com/com_818cloud/shode/pkg/stdlib/template.go:214.16,216.3 1 0
gitee.com/com_818cloud/shode/pkg/stdlib/template.go:218.2,218.20 1 0
gitee.com/com_818cloud/shode/pkg/stdlib/template.go:222.64,224.2 1 0
gitee.com/com_818cloud/shode/pkg/stdlib/template.go:227.111,229.16 2 0
gitee.com/com_818cloud/shode/pkg/stdlib/template.go:229.16,231.3 1 0
gitee.com/com_818cloud/shode/pkg/stdlib/template.go:232.2,233.12 2 0
gitee.com/com_818cloud/shode/pkg/stdlib/template.go:237.120,239.16 2 0
gitee.com/com_818cloud/shode/pkg/stdlib/template.go:239.16,241.3 1 0
gitee.com/com_818cloud/shode/pkg/stdlib/template.go:242.2,243.12 2 0
gitee.com/com_818cloud/shode/pkg/stdlib/template.go:247.71,251.26 3 0
gitee.com/com_818cloud/shode/pkg/stdlib/template.go:251.26,253.3 1 0
gitee.com/com_818cloud/shode/pkg/stdlib/template.go:255.2,256.12 2 0
gitee.com/com_818cloud/shode/pkg/stdlib/template.go:260.97,265.26 3 0
gitee.com/com_818cloud/shode/pkg/stdlib/template.go:265.26,266.76 1 0
gitee.com/com_818cloud/shode/pkg/stdlib/template.go:266.76,269.18 2 0
gitee.com/com_818cloud/shode/pkg/stdlib/template.go:269.18,280.19 4 0
gitee.com/com_818cloud/shode/pkg/stdlib/template.go:280.19,285.6 4 0
gitee.com/com_818cloud/shode/pkg/stdlib/template.go:288.5,291.15 4 0
gitee.com/com_818cloud/shode/pkg/stdlib/template.go:297.2,298.12 2 0
gitee.com/com_818cloud/shode/pkg/stdlib/template.go:302.98,377.2 8 0
gitee.com/com_818cloud/shode/pkg/stdlib/websocket.go:32.46,38.2 1 0
gitee.com/com_818cloud/shode/pkg/stdlib/websocket.go:41.74,42.26 1 0
gitee.com/com_818cloud/shode/pkg/stdlib/websocket.go:42.26,44.3 1 0
gitee.com/com_818cloud/shode/pkg/stdlib/websocket.go:46.2,49.25 3 0
gitee.com/com_818cloud/shode/pkg/stdlib/websocket.go:49.25,51.3 1 0
gitee.com/com_818cloud/shode/pkg/stdlib/websocket.go:53.2,57.41 2 0
gitee.com/com_818cloud/shode/pkg/stdlib/websocket.go:57.41,76.17 6 0
gitee.com/com_818cloud/shode/pkg/stdlib/websocket.go:76.17,79.24 3 0
gitee.com/com_818cloud/shode/pkg/stdlib/websocket.go:79.24,81.60 1 0
gitee.com/com_818cloud/shode/pkg/stdlib/websocket.go:81.60,82.35 1 0
gitee.com/com_818cloud/shode/pkg/stdlib/websocket.go:82.35,83.27 1 0
gitee.com/com_818cloud/shode/pkg/stdlib/websocket.go:83.27,85.14 2 0
gitee.com/com_818cloud/shode/pkg/stdlib/websocket.go:88.7,88.50 1 0
gitee.com/com_818cloud/shode/pkg/stdlib/websocket.go:88.50,90.8 1 0
gitee.com/com_818cloud/shode/pkg/stdlib/websocket.go:93.5,99.65 5 0
gitee.com/com_818cloud/shode/pkg/stdlib/websocket.go:103.4,104.8 2 0
gitee.com/com_818cloud/shode/pkg/stdlib/websocket.go:104.8,106.19 2 0
gitee.com/com_818cloud/shode/pkg/stdlib/websocket.go:106.19,107.11 1 0
gitee.com/com_818cloud/shode/pkg/stdlib/websocket.go:110.5,114.26 3 0
gitee.com/com_818cloud/shode/pkg/stdlib/websocket.go:114.26,118.6 1 0
gitee.com/com_818cloud/shode/pkg/stdlib/websocket.go:124.2,126.12 2 0
gitee.com/com_818cloud/shode/pkg/stdlib/websocket.go:130.67,131.25 1 0
gitee.com/com_818cloud/shode/pkg/stdlib/websocket.go:131.25,133.3 1 0
gitee.com/com_818cloud/shode/pkg/stdlib/websocket.go:135.2,138.48 3 0
gitee.com/com_818cloud/shode/pkg/stdlib/websocket.go:138.48,140.19 2 0
gitee.com/com_818cloud/shode/pkg/stdlib/websocket.go:140.19,142.4 1 0
gitee.com/com_818cloud/shode/pkg/stdlib/websocket.go:143.3,143.19 1 0
gitee.com/com_818cloud/shode/pkg/stdlib/websocket.go:146.2,146.12 1 0
gitee.com/com_818cloud/shode/pkg/stdlib/websocket.go:150.79,151.25 1 0
gitee.com/com_818cloud/shode/pkg/stdlib/websocket.go:151.25,153.3 1 0
gitee.com/com_818cloud/shode/pkg/stdlib/websocket.go:155.2,159.13 4 0
gitee.com/com_818cloud/shode/pkg/stdlib/websocket.go:159.13,161.3 1 0
gitee.com/com_818cloud/shode/pkg/stdlib/websocket.go:163.2,163.33 1 0
gitee.com/com_818cloud/shode/pkg/stdlib/websocket.go:163.33,165.19 2 0
gitee.com/com_818cloud/shode/pkg/stdlib/websocket.go:165.19,167.4 1 0
gitee.com/com_818cloud/shode/pkg/stdlib/websocket.go:168.3,168.19 1 0
gitee.com/com_818cloud/shode/pkg/stdlib/websocket.go:171.2,171.12 1 0
gitee.com/com_818cloud/shode/pkg/stdlib/websocket.go:175.70,176.25 1 0
gitee.com/com_818cloud/shode/pkg/stdlib/websocket.go:176.25,178.3 1 0
gitee.com/com_818cloud/shode/pkg/stdlib/websocket.go:180.2,184.13 4 0
gitee.com/com_818cloud/shode/pkg/stdlib/websocket.go:184.13,186.3 1 0
gitee.com/com_818cloud/shode/pkg/stdlib/websocket.go:188.2,191.17 3 0
gitee.com/com_818cloud/shode/pkg/stdlib/websocket.go:191.17,193.3 1 0
gitee.com/com_818cloud/shode/pkg/stdlib/websocket.go:195.2,195.51 1 0
gitee.com/com_818cloud/shode/pkg/stdlib/websocket.go:199.55,200.25 1 0
gitee.com/com_818cloud/shode/pkg/stdlib/websocket.go:200.25,202.3 1 0
gitee.com/com_818cloud/shode/pkg/stdlib/websocket.go:204.2,208.13 4 0
gitee.com/com_818cloud/shode/pkg/stdlib/websocket.go:208.13,210.3 1 0
gitee.com/com_818cloud/shode/pkg/stdlib/websocket.go:213.2,213.21 1 0
gitee.com/com_818cloud/shode/pkg/stdlib/websocket.go:213.21,214.57 1 0
gitee.com/com_818cloud/shode/pkg/stdlib/websocket.go:214.57,215.32 1 0
gitee.com/com_818cloud/shode/pkg/stdlib/websocket.go:215.32,216.23 1 0
gitee.com/com_818cloud/shode/pkg/stdlib/websocket.go:216.23,218.11 2 0
gitee.com/com_818cloud/shode/pkg/stdlib/websocket.go:221.4,221.47 1 0
gitee.com/com_818cloud/shode/pkg/stdlib/websocket.go:221.47,223.5 1 0
gitee.com/com_818cloud/shode/pkg/stdlib/websocket.go:228.2,231.12 3 0
gitee.com/com_818cloud/shode/pkg/stdlib/websocket.go:235.50,236.25 1 0
gitee.com/com_818cloud/shode/pkg/stdlib/websocket.go:236.25,238.3 1 0
gitee.com/com_818cloud/shode/pkg/stdlib/websocket.go:240.2,244.13 4 0
gitee.com/com_818cloud/shode/pkg/stdlib/websocket.go:244.13,246.3 1 0
gitee.com/com_818cloud/shode/pkg/stdlib/websocket.go:248.2,248.21 1 0
gitee.com/com_818cloud/shode/pkg/stdlib/websocket.go:248.21,250.3 1 0
gitee.com/com_818cloud/shode/pkg/stdlib/websocket.go:253.2,253.56 1 0
gitee.com/com_818cloud/shode/pkg/stdlib/websocket.go:253.56,254.31 1 0
gitee.com/com_818cloud/shode/pkg/stdlib/websocket.go:254.31,255.22 1 0
gitee.com/com_818cloud/shode/pkg/stdlib/websocket.go:255.22,257.10 2 0
gitee.com/com_818cloud/shode/pkg/stdlib/websocket.go:260.3,260.46 1 0
gitee.com/com_818cloud/shode/pkg/stdlib/websocket.go:260.46,262.4 1 0
gitee.com/com_818cloud/shode/pkg/stdlib/websocket.go:265.2,266.12 2 0
gitee.com/com_818cloud/shode/pkg/stdlib/websocket.go:270.53,271.25 1 0
gitee.com/com_818cloud/shode/pkg/stdlib/websocket.go:271.25,273.3 1 0
gitee.com/com_818cloud/shode/pkg/stdlib/websocket.go:275.2,277.38 3 0
gitee.com/com_818cloud/shode/pkg/stdlib/websocket.go:281.58,282.25 1 0
gitee.com/com_818cloud/shode/pkg/stdlib/websocket.go:282.25,284.3 1 0
gitee.com/com_818cloud/shode/pkg/stdlib/websocket.go:286.2,289.51 3 0
gitee.com/com_818cloud/shode/pkg/stdlib/websocket.go:289.51,291.3 1 0
gitee.com/com_818cloud/shode/pkg/stdlib/websocket.go:292.2,292.10 1 0
gitee.com/com_818cloud/shode/pkg/stdlib/websocket.go:296.49,297.25 1 0
gitee.com/com_818cloud/shode/pkg/stdlib/websocket.go:297.25,299.3 1 0
gitee.com/com_818cloud/shode/pkg/stdlib/websocket.go:301.2,305.39 4 0
gitee.com/com_818cloud/shode/pkg/stdlib/websocket.go:305.39,307.3 1 0
gitee.com/com_818cloud/shode/pkg/stdlib/websocket.go:308.2,308.14 1 0
